RSDP @ 0xda887000
  0000: 52 53 44 20 50 54 52 20 eb 5f 41 53 55 53 5f 02  RSD PTR ._ASUS_.
  0010: 28 70 88 da 24 00 00 00 90 70 88 da 00 00 00 00  (p..$....p......
  0020: 7a 00 00 00                                      z...

XSDT @ 0xda887090
  0000: 58 53 44 54 ac 00 00 00 01 68 5f 41 53 55 53 5f  XSDT.....h_ASUS_
  0010: 4e 6f 74 65 62 6f 6f 6b 09 20 07 01 41 4d 49 20  Notebook. ..AMI 
  0020: 13 00 01 00 e8 84 89 da 00 00 00 00 f8 85 89 da  ................
  0030: 00 00 00 00 70 86 89 da 00 00 00 00 b8 86 89 da  ....p...........
  0040: 00 00 00 00 80 87 89 da 00 00 00 00 c0 87 89 da  ................
  0050: 00 00 00 00 00 92 89 da 00 00 00 00 a8 9e 89 da  ................
  0060: 00 00 00 00 40 9f 89 da 00 00 00 00 60 a8 89 da  ....@.......`...
  0070: 00 00 00 00 98 a8 89 da 00 00 00 00 08 af 89 da  ................
  0080: 00 00 00 00 a8 b3 89 da 00 00 00 00 70 bc 89 da  ............p...
  0090: 00 00 00 00 08 c7 89 da 00 00 00 00 40 c7 89 da  ............@...
  00a0: 00 00 00 00 18 2e 63 da 00 00 00 00              ......c.....

FACS @ 0xda8b0080
  0000: 46 41 43 53 40 00 00 00 00 00 00 00 00 00 00 00  FACS@...........
  0010: 00 00 00 00 00 00 00 00 00 00 00 00 00 00 00 00  ................
  0020: 02 00 00 00 00 00 00 00 00 00 00 00 00 00 00 00  ................
  0030: 00 00 00 00 00 00 00 00 00 00 00 00 00 00 00 00  ................

DSDT @ 0xda8871d0
  0000: 44 53 44 54 12 13 01 00 02 fd 5f 41 53 55 53 5f  DSDT......_ASUS_
  0010: 4e 6f 74 65 62 6f 6f 6b 13 00 00 00 49 4e 54 4c  Notebook....INTL
  0020: 12 11 09 20 08 53 4d 42 53 0b 80 05 08 53 4d 42  ... .SMBS....SMB
  0030: 4c 0a 20 08 50 4d 42 53 0b 00 04 08 50 4d 4c 4e  L. .PMBS....PMLN
  0040: 0a 80 08 47 50 42 53 0b 00 05 08 47 50 4c 4e 0a  ...GPBS....GPLN.
  0050: 80 08 53 4d 49 50 0a b2 08 41 50 43 42 0c 00 00  ..SMIP...APCB...
  0060: c0 fe 08 41 50 43 4c 0b 00 10 08 53 4d 43 52 0b  ...APCL....SMCR.
  0070: 30 04 08 48 50 54 42 0c 00 00 d0 fe 08 48 50 54  0..HPTB......HPT
  0080: 43 0c 04 f4 d1 fe 08 46 4c 53 5a 0c 00 00 60 00  C......FLSZ...`.
  0090: 08 53 52 43 42 0c 00 c0 d1 fe 08 52 43 4c 4e 0b  .SRCB......RCLN.
  00a0: 00 40 08 54 43 42 52 0c 00 80 d0 fe 08 54 43 4c  .@.TCBR......TCL
  00b0: 54 0b 00 10 08 50 45 42 53 0c 00 00 00 f8 08 50  T....PEBS......P
  00c0: 45 4c 4e 0c 00 00 00 04 08 4c 41 50 42 0c 00 00  ELN......LAPB...
  00d0: e0 fe 08 45 47 50 42 0c 00 90 d1 fe 08 4d 43 48  ...EGPB......MCH
  00e0: 42 0c 00 00 d1 fe 08 56 54 42 53 0c 00 00 d9 fe  B......VTBS.....
  00f0: 08 56 54 4c 4e 0b 00 40 08 41 43 50 48 0a de 08  .VTLN..@.ACPH...
  0100: 41 53 53 42 00 08 41 4f 54 42 00 08 41 41 58 42  ASSB..AOTB..AAXB
  0110: 00 08 50 45 48 50 00 08 53 48 50 43 00 08 50 45  ..PEHP..SHPC..PE
  0120: 50 4d 00 08 50 45 45 52 00 08 50 45 43 53 00 08  PM..PEER..PECS..
  0130: 49 54 4b 45 00 08 44 50 50 42 0c 00 80 d9 fe 08  ITKE..DPPB......
  0140: 44 50 50 4c 0b 00 80 08 46 4d 42 4c 01 08 46 44  DPPL....FMBL..FD
  0150: 54 50 0a 02 08 46 55 50 53 0a 03 08 46 55 57 53  TP...FUPS...FUWS
  0160: 0a 04 08 42 53 48 5f 00 08 42 45 4c 5f 01 08 42  ...BSH_..BEL_..B
  0170: 45 48 5f 0a 02 08 42 52 48 5f 0a 03 08 42 54 46  EH_...BRH_...BTF
  0180: 5f 0a 04 08 42 48 43 5f 0a 05 08 42 59 42 5f 0a  _...BHC_...BYB_.
  0190: 06 08 42 50 48 5f 0a 07 08 42 53 48 53 0a 08 08  ..BPH_...BSHS...
  01a0: 42 45 4c 43 0a 09 08 42 52 48 50 0a 0a 08 42 54  BELC...BRHP...BT
  01b0: 46 43 0a 0b 08 42 45 48 50 0a 0c 08 42 50 48 53  FC...BEHP...BPHS
  01c0: 0a 0d 08 42 45 4c 50 0a 0e 08 42 54 4c 5f 0a 10  ...BELP...BTL_..
  01d0: 08 42 54 46 50 0a 11 08 42 53 52 5f 0a 14 08 42  .BTFP...BSR_...B
  01e0: 4f 46 5f 0a 20 08 42 45 46 5f 0a 21 08 42 4c 4c  OF_. .BEF_.!.BLL
  01f0: 45 0a 22 08 42 4c 4c 43 0a 23 08 42 4c 43 41 0a  E.".BLLC.#.BLCA.
  0200: 24 08 42 4c 4c 53 0a 25 08 42 4c 4c 50 0a 26 08  $.BLLS.%.BLLP.&.
  0210: 42 4c 4c 44 0a 27 08 42 48 42 45 0a 30 08 42 48  BLLD.'.BHBE.0.BH
  0220: 42 43 0a 31 08 42 48 42 4e 0a 32 08 42 48 42 4d  BC.1.BHBN.2.BHBM
  0230: 0a 33 08 54 52 54 50 01 08 57 44 54 45 01 08 54  .3.TRTP..WDTE..T
  0240: 52 54 44 0a 02 08 54 52 54 49 0a 03 08 47 43 44  RTD...TRTI...GCD
  0250: 44 01 08 44 53 54 41 0a 0a 08 44 53 4c 4f 0a 0c  D..DSTA...DSLO..
  0260: 08 44 53 4c 43 0a 0e 08 50 49 54 53 0a 10 08 53  .DSLC...PITS...S
  0270: 42 43 53 0a 12 08 53 41 4c 53 0a 13 08 4c 53 53  BCS...SALS...LSS
  0280: 53 0a 2a 08 53 4f 4f 54 0a 35 08 50 44 42 52 0a  S.*.SOOT.5.PDBR.
  0290: 4d 08 53 52 53 49 0a b2 08 43 53 4d 49 0a 61 08  M.SRSI...CSMI.a.
  02a0: 44 53 53 50 00 08 46 48 50 50 01 08 4d 42 45 43  DSSP..FHPP..MBEC
  02b0: 00 08 4d 42 4c 46 0a 0a 08 53 53 31 5f 00 08 53  ..MBLF...SS1_..S
  02c0: 53 32 5f 00 08 53 53 33 5f 01 08 53 53 34 5f 01  S2_..SS3_..SS4_.
  02d0: 08 49 4f 53 54 0b 00 44 08 54 4f 50 4d 0c 00 00  .IOST..D.TOPM...
  02e0: 00 00 08 52 4f 4d 53 0c 00 00 e0 ff 08 56 47 41  ...ROMS......VGA
  02f0: 46 01 5b 80 47 4e 56 53 00 0c 18 de 89 da 0b d1  F.[.GNVS........
  0300: 01 5b 81 4e 40 47 4e 56 53 10 4f 53 59 53 10 53  .[.N@GNVS.OSYS.S
  0310: 4d 49 46 08 50 52 4d 30 08 50 52 4d 31 08 53 43  MIF.PRM0.PRM1.SC
  0320: 49 46 08 50 52 4d 32 08 50 52 4d 33 08 4c 43 4b  IF.PRM2.PRM3.LCK
  0330: 46 08 50 52 4d 34 08 50 52 4d 35 08 50 38 30 44  F.PRM4.PRM5.P80D
  0340: 20 4c 49 44 53 08 50 57 52 53 08 44 42 47 53 08   LIDS.PWRS.DBGS.
  0350: 54 48 4f 46 08 41 43 54 31 08 41 43 54 54 08 50  THOF.ACT1.ACTT.P
  0360: 53 56 54 08 54 43 31 56 08 54 43 32 56 08 54 53  SVT.TC1V.TC2V.TS
  0370: 50 56 08 43 52 54 54 08 44 54 53 45 08 44 54 53  PV.CRTT.DTSE.DTS
  0380: 31 08 44 54 53 32 08 44 54 53 46 08 00 38 52 45  1.DTS2.DTSF..8RE
  0390: 56 4e 08 52 45 53 33 08 00 08 41 50 49 43 08 54  VN.RES3...APIC.T
  03a0: 43 4e 54 08 50 43 50 30 08 50 43 50 31 08 50 50  CNT.PCP0.PCP1.PP
  03b0: 43 4d 08 50 50 4d 46 20 43 36 37 4c 08 4e 41 54  CM.PPMF C67L.NAT
  03c0: 50 08 43 4d 41 50 08 43 4d 42 50 08 4c 50 54 50  P.CMAP.CMBP.LPTP
  03d0: 08 46 44 43 50 08 43 4d 43 50 08 43 49 52 50 08  .FDCP.CMCP.CIRP.
  03e0: 53 4d 53 43 08 57 33 38 31 08 53 4d 43 31 08 49  SMSC.W381.SMC1.I
  03f0: 47 44 53 08 54 4c 53 54 08 43 41 44 4c 08 50 41  GDS.TLST.CADL.PA
  0400: 44 4c 08 43 53 54 45 10 4e 53 54 45 10 53 53 54  DL.CSTE.NSTE.SST
  0410: 45 10 4e 44 49 44 08 44 49 44 31 20 44 49 44 32  E.NDID.DID1 DID2
  0420: 20 44 49 44 33 20 44 49 44 34 20 44 49 44 35 20   DID3 DID4 DID5 
  0430: 4b 53 56 30 20 4b 53 56 31 08 00 38 42 4c 43 53  KSV0 KSV1..8BLCS
  0440: 08 42 52 54 4c 08 41 4c 53 45 08 41 4c 41 46 08  .BRTL.ALSE.ALAF.
  0450: 4c 4c 4f 57 08 4c 48 49 48 08 00 08 45 4d 41 45  LLOW.LHIH...EMAE
  0460: 08 45 4d 41 50 10 45 4d 41 4c 10 00 08 4d 45 46  .EMAP.EMAL...MEF
  0470: 45 08 44 53 54 53 08 00 10 54 50 4d 50 08 54 50  E.DSTS...TPMP.TP
  0480: 4d 45 08 4d 4f 52 44 08 54 43 47 50 08 50 50 52  ME.MORD.TCGP.PPR
  0490: 50 20 50 50 52 51 08 4c 50 50 52 08 47 54 46 30  P PPRQ.LPPR.GTF0
  04a0: 38 47 54 46 32 38 49 44 45 4d 08 47 54 46 31 38  8GTF28IDEM.GTF18
  04b0: 42 49 44 5f 08 50 4c 49 44 08 00 40 08 41 53 4c  BID_.PLID..@.ASL
  04c0: 42 20 49 42 54 54 08 49 50 41 54 08 49 54 56 46  B IBTT.IPAT.ITVF
  04d0: 08 49 54 56 4d 08 49 50 53 43 08 49 42 4c 43 08  .ITVM.IPSC.IBLC.
  04e0: 49 42 49 41 08 49 53 53 43 08 49 34 30 39 08 49  IBIA.ISSC.I409.I
  04f0: 35 30 39 08 49 36 30 39 08 49 37 30 39 08 49 50  509.I609.I709.IP
  0500: 43 46 08 49 44 4d 53 08 49 46 31 45 08 48 56 43  CF.IDMS.IF1E.HVC
  0510: 4f 08 4e 58 44 31 20 4e 58 44 32 20 4e 58 44 33  O.NXD1 NXD2 NXD3
  0520: 20 4e 58 44 34 20 4e 58 44 35 20 4e 58 44 36 20   NXD4 NXD5 NXD6 
  0530: 4e 58 44 37 20 4e 58 44 38 20 47 53 4d 49 08 50  NXD7 NXD8 GSMI.P
  0540: 41 56 50 08 00 08 4f 53 43 43 08 4e 45 58 50 08  AVP...OSCC.NEXP.
  0550: 53 42 56 31 08 53 42 56 32 08 00 30 44 53 45 4e  SBV1.SBV2..0DSEN
  0560: 08 45 43 4f 4e 08 47 50 49 43 08 43 54 59 50 08  .ECON.GPIC.CTYP.
  0570: 4c 30 31 43 08 56 46 4e 30 08 56 46 4e 31 08 56  L01C.VFN0.VFN1.V
  0580: 46 4e 32 08 56 46 4e 33 08 56 46 4e 34 08 00 48  FN2.VFN3.VFN4..H
  0590: 05 4e 56 47 41 20 4e 56 48 41 20 41 4d 44 41 20  .NVGA NVHA AMDA 
  05a0: 44 49 44 36 20 44 49 44 37 20 44 49 44 38 20 45  DID6 DID7 DID8 E
  05b0: 42 41 53 20 43 50 53 50 20 45 45 43 50 20 45 56  BAS CPSP EECP EV
  05c0: 43 50 20 58 42 41 53 20 4f 42 53 31 20 4f 42 53  CP XBAS OBS1 OBS
  05d0: 32 20 4f 42 53 33 20 4f 42 53 34 20 4f 42 53 35  2 OBS3 OBS4 OBS5
  05e0: 20 4f 42 53 36 20 4f 42 53 37 20 4f 42 53 38 20   OBS6 OBS7 OBS8 
  05f0: 00 48 05 41 54 4d 43 08 50 54 4d 43 08 41 54 52  .H.ATMC.PTMC.ATR
  0600: 41 08 50 54 52 41 08 50 4e 48 4d 20 54 42 41 42  A.PTRA.PNHM TBAB
  0610: 20 54 42 41 48 20 52 54 49 50 08 54 53 4f 44 08   TBAH RTIP.TSOD.
  0620: 41 54 50 43 08 50 54 50 43 08 50 46 4c 56 08 42  ATPC.PTPC.PFLV.B
  0630: 52 45 56 08 53 47 4d 44 08 53 47 46 4c 08 50 57  REV.SGMD.SGFL.PW
  0640: 4f 4b 08 48 4c 52 53 08 44 53 45 4c 08 45 53 45  OK.HLRS.DSEL.ESE
  0650: 4c 08 50 53 45 4c 08 50 57 45 4e 08 50 52 53 54  L.PSEL.PWEN.PRST
  0660: 08 4d 58 44 31 20 4d 58 44 32 20 4d 58 44 33 20  .MXD1 MXD2 MXD3 
  0670: 4d 58 44 34 20 4d 58 44 35 20 4d 58 44 36 20 4d  MXD4 MXD5 MXD6 M
  0680: 58 44 37 20 4d 58 44 38 20 47 42 41 53 10 53 47  XD7 MXD8 GBAS.SG
  0690: 47 50 08 50 58 46 58 08 50 58 44 59 08 50 58 46  GP.PXFX.PXDY.PXF
  06a0: 44 08 00 08 41 4c 46 50 08 49 4d 4f 4e 08 50 44  D...ALFP.IMON.PD
  06b0: 54 53 08 50 4b 47 41 08 50 41 4d 54 08 41 43 30  TS.PKGA.PAMT.AC0
  06c0: 46 08 41 43 31 46 08 44 54 53 33 08 44 54 53 34  F.AC1F.DTS3.DTS4
  06d0: 08 00 40 06 58 48 43 49 08 58 48 50 4d 08 00 18  ..@.XHCI.XHPM...
  06e0: 58 54 55 42 20 58 54 55 53 20 58 4d 50 42 20 00  XTUB XTUS XMPB .
  06f0: 08 4c 50 4d 56 08 00 08 44 44 52 46 08 4d 4d 36  .LPMV...DDRF.MM6
  0700: 34 08 41 4f 41 43 08 53 4c 44 52 20 45 43 54 4d  4.AOAC.SLDR ECTM
  0710: 20 10 89 63 05 5f 53 42 5f 08 50 52 30 30 12 4d   ..c._SB_.PR00.M
  0720: 1f 23 12 0d 04 0c ff ff 1f 00 01 4c 4e 4b 44 00  .#.........LNKD.
  0730: 12 0e 04 0c ff ff 1f 00 0a 02 4c 4e 4b 43 00 12  ..........LNKC..
  0740: 0d 04 0c ff ff 16 00 00 4c 4e 4b 41 00 12 0d 04  ........LNKA....
  0750: 0c ff ff 16 00 01 4c 4e 4b 44 00 12 0e 04 0c ff  ......LNKD......
  0760: ff 16 00 0a 02 4c 4e 4b 43 00 12 0e 04 0c ff ff  .....LNKC.......
  0770: 16 00 0a 03 4c 4e 4b 42 00 12 0d 04 0c ff ff 04  ....LNKB........
  0780: 00 00 4c 4e 4b 41 00 12 0d 04 0c ff ff 04 00 01  ..LNKA..........
  0790: 4c 4e 4b 42 00 12 0e 04 0c ff ff 04 00 0a 02 4c  LNKB...........L
  07a0: 4e 4b 43 00 12 0e 04 0c ff ff 04 00 0a 03 4c 4e  NKC...........LN
  07b0: 4b 44 00 12 0d 04 0c ff ff 01 00 00 4c 4e 4b 41  KD..........LNKA
  07c0: 00 12 0d 04 0c ff ff 01 00 01 4c 4e 4b 42 00 12  ..........LNKB..
  07d0: 0e 04 0c ff ff 01 00 0a 02 4c 4e 4b 43 00 12 0e  .........LNKC...
  07e0: 04 0c ff ff 01 00 0a 03 4c 4e 4b 44 00 12 0d 04  ........LNKD....
  07f0: 0c ff ff 06 00 00 4c 4e 4b 44 00 12 0d 04 0c ff  ......LNKD......
  0800: ff 06 00 01 4c 4e 4b 41 00 12 0e 04 0c ff ff 06  ....LNKA........
  0810: 00 0a 02 4c 4e 4b 42 00 12 0e 04 0c ff ff 06 00  ...LNKB.........
  0820: 0a 03 4c 4e 4b 43 00 12 0d 04 0c ff ff 14 00 00  ..LNKC..........
  0830: 4c 4e 4b 41 00 12 0d 04 0c ff ff 1d 00 00 4c 4e  LNKA..........LN
  0840: 4b 48 00 12 0d 04 0c ff ff 1d 00 01 4c 4e 4b 44  KH..........LNKD
  0850: 00 12 0e 04 0c ff ff 1d 00 0a 02 4c 4e 4b 41 00  ...........LNKA.
  0860: 12 0e 04 0c ff ff 1d 00 0a 03 4c 4e 4b 43 00 12  ..........LNKC..
  0870: 0d 04 0c ff ff 1a 00 00 4c 4e 4b 41 00 12 0d 04  ........LNKA....
  0880: 0c ff ff 1a 00 01 4c 4e 4b 46 00 12 0e 04 0c ff  ......LNKF......
  0890: ff 1a 00 0a 02 4c 4e 4b 43 00 12 0e 04 0c ff ff  .....LNKC.......
  08a0: 1a 00 0a 03 4c 4e 4b 44 00 12 0d 04 0c ff ff 1b  ....LNKD........
  08b0: 00 00 4c 4e 4b 47 00 12 0d 04 0c ff ff 1c 00 00  ..LNKG..........
  08c0: 4c 4e 4b 41 00 12 0d 04 0c ff ff 1c 00 01 4c 4e  LNKA..........LN
  08d0: 4b 42 00 12 0e 04 0c ff ff 1c 00 0a 02 4c 4e 4b  KB...........LNK
  08e0: 43 00 12 0e 04 0c ff ff 1c 00 0a 03 4c 4e 4b 44  C...........LNKD
  08f0: 00 12 0d 04 0c ff ff 1f 00 00 4c 4e 4b 46 00 12  ..........LNKF..
  0900: 0e 04 0c ff ff 1f 00 0a 03 4c 4e 4b 41 00 12 0d  .........LNKA...
  0910: 04 0c ff ff 02 00 00 4c 4e 4b 41 00 08 41 52 30  .......LNKA..AR0
  0920: 30 12 47 1b 23 12 0b 04 0c ff ff 1f 00 01 00 0a  0.G.#...........
  0930: 13 12 0c 04 0c ff ff 1f 00 0a 02 00 0a 12 12 0b  ................
  0940: 04 0c ff ff 16 00 00 00 0a 10 12 0b 04 0c ff ff  ................
  0950: 16 00 01 00 0a 13 12 0c 04 0c ff ff 16 00 0a 02  ................
  0960: 00 0a 12 12 0c 04 0c ff ff 16 00 0a 03 00 0a 11  ................
  0970: 12 0b 04 0c ff ff 04 00 00 00 0a 10 12 0b 04 0c  ................
  0980: ff ff 04 00 01 00 0a 11 12 0c 04 0c ff ff 04 00  ................
  0990: 0a 02 00 0a 12 12 0c 04 0c ff ff 04 00 0a 03 00  ................
  09a0: 0a 13 12 0b 04 0c ff ff 01 00 00 00 0a 10 12 0b  ................
  09b0: 04 0c ff ff 01 00 01 00 0a 11 12 0c 04 0c ff ff  ................
  09c0: 01 00 0a 02 00 0a 12 12 0c 04 0c ff ff 01 00 0a  ................
  09d0: 03 00 0a 13 12 0b 04 0c ff ff 06 00 00 00 0a 13  ................
  09e0: 12 0b 04 0c ff ff 06 00 01 00 0a 10 12 0c 04 0c  ................
  09f0: ff ff 06 00 0a 02 00 0a 11 12 0c 04 0c ff ff 06  ................
  0a00: 00 0a 03 00 0a 12 12 0b 04 0c ff ff 14 00 00 00  ................
  0a10: 0a 10 12 0b 04 0c ff ff 1d 00 00 00 0a 17 12 0b  ................
  0a20: 04 0c ff ff 1d 00 01 00 0a 13 12 0c 04 0c ff ff  ................
  0a30: 1d 00 0a 02 00 0a 10 12 0c 04 0c ff ff 1d 00 0a  ................
  0a40: 03 00 0a 12 12 0b 04 0c ff ff 1a 00 00 00 0a 10  ................
  0a50: 12 0b 04 0c ff ff 1a 00 01 00 0a 15 12 0c 04 0c  ................
  0a60: ff ff 1a 00 0a 02 00 0a 12 12 0c 04 0c ff ff 1a  ................
  0a70: 00 0a 03 00 0a 13 12 0b 04 0c ff ff 1b 00 00 00  ................
  0a80: 0a 16 12 0b 04 0c ff ff 1c 00 00 00 0a 10 12 0b  ................
  0a90: 04 0c ff ff 1c 00 01 00 0a 11 12 0c 04 0c ff ff  ................
  0aa0: 1c 00 0a 02 00 0a 12 12 0c 04 0c ff ff 1c 00 0a  ................
  0ab0: 03 00 0a 13 12 0b 04 0c ff ff 1f 00 00 00 0a 15  ................
  0ac0: 12 0c 04 0c ff ff 1f 00 0a 03 00 0a 10 12 0b 04  ................
  0ad0: 0c ff ff 02 00 00 00 0a 10 08 50 52 30 34 12 34  ..........PR04.4
  0ae0: 04 12 0b 04 0b ff ff 00 4c 4e 4b 41 00 12 0b 04  ........LNKA....
  0af0: 0b ff ff 01 4c 4e 4b 42 00 12 0c 04 0b ff ff 0a  ....LNKB........
  0b00: 02 4c 4e 4b 43 00 12 0c 04 0b ff ff 0a 03 4c 4e  .LNKC.........LN
  0b10: 4b 44 00 08 41 52 30 34 12 2c 04 12 09 04 0b ff  KD..AR04.,......
  0b20: ff 00 00 0a 10 12 09 04 0b ff ff 01 00 0a 11 12  ................
  0b30: 0a 04 0b ff ff 0a 02 00 0a 12 12 0a 04 0b ff ff  ................
  0b40: 0a 03 00 0a 13 08 50 52 30 35 12 34 04 12 0b 04  ......PR05.4....
  0b50: 0b ff ff 00 4c 4e 4b 42 00 12 0b 04 0b ff ff 01  ....LNKB........
  0b60: 4c 4e 4b 43 00 12 0c 04 0b ff ff 0a 02 4c 4e 4b  LNKC.........LNK
  0b70: 44 00 12 0c 04 0b ff ff 0a 03 4c 4e 4b 41 00 08  D.........LNKA..
  0b80: 41 52 30 35 12 2c 04 12 09 04 0b ff ff 00 00 0a  AR05.,..........
  0b90: 11 12 09 04 0b ff ff 01 00 0a 12 12 0a 04 0b ff  ................
  0ba0: ff 0a 02 00 0a 13 12 0a 04 0b ff ff 0a 03 00 0a  ................
  0bb0: 10 08 50 52 30 36 12 34 04 12 0b 04 0b ff ff 00  ..PR06.4........
  0bc0: 4c 4e 4b 43 00 12 0b 04 0b ff ff 01 4c 4e 4b 44  LNKC........LNKD
  0bd0: 00 12 0c 04 0b ff ff 0a 02 4c 4e 4b 41 00 12 0c  .........LNKA...
  0be0: 04 0b ff ff 0a 03 4c 4e 4b 42 00 08 41 52 30 36  ......LNKB..AR06
  0bf0: 12 2c 04 12 09 04 0b ff ff 00 00 0a 12 12 09 04  .,..............
  0c00: 0b ff ff 01 00 0a 13 12 0a 04 0b ff ff 0a 02 00  ................
  0c10: 0a 10 12 0a 04 0b ff ff 0a 03 00 0a 11 08 50 52  ..............PR
  0c20: 30 37 12 34 04 12 0b 04 0b ff ff 00 4c 4e 4b 44  07.4........LNKD
  0c30: 00 12 0b 04 0b ff ff 01 4c 4e 4b 41 00 12 0c 04  ........LNKA....
  0c40: 0b ff ff 0a 02 4c 4e 4b 42 00 12 0c 04 0b ff ff  .....LNKB.......
  0c50: 0a 03 4c 4e 4b 43 00 08 41 52 30 37 12 2c 04 12  ..LNKC..AR07.,..
  0c60: 09 04 0b ff ff 00 00 0a 13 12 09 04 0b ff ff 01  ................
  0c70: 00 0a 10 12 0a 04 0b ff ff 0a 02 00 0a 11 12 0a  ................
  0c80: 04 0b ff ff 0a 03 00 0a 12 08 50 52 30 38 12 34  ..........PR08.4
  0c90: 04 12 0b 04 0b ff ff 00 4c 4e 4b 41 00 12 0b 04  ........LNKA....
  0ca0: 0b ff ff 01 4c 4e 4b 42 00 12 0c 04 0b ff ff 0a  ....LNKB........
  0cb0: 02 4c 4e 4b 43 00 12 0c 04 0b ff ff 0a 03 4c 4e  .LNKC.........LN
  0cc0: 4b 44 00 08 41 52 30 38 12 2c 04 12 09 04 0b ff  KD..AR08.,......
  0cd0: ff 00 00 0a 10 12 09 04 0b ff ff 01 00 0a 11 12  ................
  0ce0: 0a 04 0b ff ff 0a 02 00 0a 12 12 0a 04 0b ff ff  ................
  0cf0: 0a 03 00 0a 13 08 50 52 30 39 12 34 04 12 0b 04  ......PR09.4....
  0d00: 0b ff ff 00 4c 4e 4b 42 00 12 0b 04 0b ff ff 01  ....LNKB........
  0d10: 4c 4e 4b 43 00 12 0c 04 0b ff ff 0a 02 4c 4e 4b  LNKC.........LNK
  0d20: 44 00 12 0c 04 0b ff ff 0a 03 4c 4e 4b 41 00 08  D.........LNKA..
  0d30: 41 52 30 39 12 2c 04 12 09 04 0b ff ff 00 00 0a  AR09.,..........
  0d40: 11 12 09 04 0b ff ff 01 00 0a 12 12 0a 04 0b ff  ................
  0d50: ff 0a 02 00 0a 13 12 0a 04 0b ff ff 0a 03 00 0a  ................
  0d60: 10 08 50 52 30 45 12 34 04 12 0b 04 0b ff ff 00  ..PR0E.4........
  0d70: 4c 4e 4b 43 00 12 0b 04 0b ff ff 01 4c 4e 4b 44  LNKC........LNKD
  0d80: 00 12 0c 04 0b ff ff 0a 02 4c 4e 4b 41 00 12 0c  .........LNKA...
  0d90: 04 0b ff ff 0a 03 4c 4e 4b 42 00 08 41 52 30 45  ......LNKB..AR0E
  0da0: 12 2c 04 12 09 04 0b ff ff 00 00 0a 12 12 09 04  .,..............
  0db0: 0b ff ff 01 00 0a 13 12 0a 04 0b ff ff 0a 02 00  ................
  0dc0: 0a 10 12 0a 04 0b ff ff 0a 03 00 0a 11 08 50 52  ..............PR
  0dd0: 30 46 12 34 04 12 0b 04 0b ff ff 00 4c 4e 4b 44  0F.4........LNKD
  0de0: 00 12 0b 04 0b ff ff 01 4c 4e 4b 41 00 12 0c 04  ........LNKA....
  0df0: 0b ff ff 0a 02 4c 4e 4b 42 00 12 0c 04 0b ff ff  .....LNKB.......
  0e00: 0a 03 4c 4e 4b 43 00 08 41 52 30 46 12 2c 04 12  ..LNKC..AR0F.,..
  0e10: 09 04 0b ff ff 00 00 0a 13 12 09 04 0b ff ff 01  ................
  0e20: 00 0a 10 12 0a 04 0b ff ff 0a 02 00 0a 11 12 0a  ................
  0e30: 04 0b ff ff 0a 03 00 0a 12 08 50 52 30 31 12 43  ..........PR01.C
  0e40: 0e 10 12 0b 04 0b ff ff 00 4c 4e 4b 46 00 12 0b  .........LNKF...
  0e50: 04 0b ff ff 01 4c 4e 4b 47 00 12 0c 04 0b ff ff  .....LNKG.......
  0e60: 0a 02 4c 4e 4b 48 00 12 0c 04 0b ff ff 0a 03 4c  ..LNKH.........L
  0e70: 4e 4b 45 00 12 0d 04 0c ff ff 01 00 00 4c 4e 4b  NKE..........LNK
  0e80: 47 00 12 0d 04 0c ff ff 01 00 01 4c 4e 4b 46 00  G..........LNKF.
  0e90: 12 0e 04 0c ff ff 01 00 0a 02 4c 4e 4b 45 00 12  ..........LNKE..
  0ea0: 0e 04 0c ff ff 01 00 0a 03 4c 4e 4b 48 00 12 0d  .........LNKH...
  0eb0: 04 0c ff ff 02 00 00 4c 4e 4b 43 00 12 0d 04 0c  .......LNKC.....
  0ec0: ff ff 02 00 01 4c 4e 4b 44 00 12 0e 04 0c ff ff  .....LNKD.......
  0ed0: 02 00 0a 02 4c 4e 4b 42 00 12 0e 04 0c ff ff 02  ....LNKB........
  0ee0: 00 0a 03 4c 4e 4b 41 00 12 0d 04 0c ff ff 03 00  ...LNKA.........
  0ef0: 00 4c 4e 4b 44 00 12 0d 04 0c ff ff 03 00 01 4c  .LNKD..........L
  0f00: 4e 4b 43 00 12 0e 04 0c ff ff 03 00 0a 02 4c 4e  NKC...........LN
  0f10: 4b 46 00 12 0e 04 0c ff ff 03 00 0a 03 4c 4e 4b  KF...........LNK
  0f20: 47 00 08 41 52 30 31 12 43 0c 10 12 09 04 0b ff  G..AR01.C.......
  0f30: ff 00 00 0a 15 12 09 04 0b ff ff 01 00 0a 16 12  ................
  0f40: 0a 04 0b ff ff 0a 02 00 0a 17 12 0a 04 0b ff ff  ................
  0f50: 0a 03 00 0a 14 12 0b 04 0c ff ff 01 00 00 00 0a  ................
  0f60: 16 12 0b 04 0c ff ff 01 00 01 00 0a 15 12 0c 04  ................
  0f70: 0c ff ff 01 00 0a 02 00 0a 14 12 0c 04 0c ff ff  ................
  0f80: 01 00 0a 03 00 0a 17 12 0b 04 0c ff ff 02 00 00  ................
  0f90: 00 0a 12 12 0b 04 0c ff ff 02 00 01 00 0a 13 12  ................
  0fa0: 0c 04 0c ff ff 02 00 0a 02 00 0a 11 12 0c 04 0c  ................
  0fb0: ff ff 02 00 0a 03 00 0a 10 12 0b 04 0c ff ff 03  ................
  0fc0: 00 00 00 0a 13 12 0b 04 0c ff ff 03 00 01 00 0a  ................
  0fd0: 12 12 0c 04 0c ff ff 03 00 0a 02 00 0a 15 12 0c  ................
  0fe0: 04 0c ff ff 03 00 0a 03 00 0a 16 08 50 52 30 32  ............PR02
  0ff0: 12 34 04 12 0b 04 0b ff ff 00 4c 4e 4b 41 00 12  .4........LNKA..
  1000: 0b 04 0b ff ff 01 4c 4e 4b 42 00 12 0c 04 0b ff  ......LNKB......
  1010: ff 0a 02 4c 4e 4b 43 00 12 0c 04 0b ff ff 0a 03  ...LNKC.........
  1020: 4c 4e 4b 44 00 08 41 52 30 32 12 2c 04 12 09 04  LNKD..AR02.,....
  1030: 0b ff ff 00 00 0a 10 12 09 04 0b ff ff 01 00 0a  ................
  1040: 11 12 0a 04 0b ff ff 0a 02 00 0a 12 12 0a 04 0b  ................
  1050: ff ff 0a 03 00 0a 13 08 50 52 30 41 12 34 04 12  ........PR0A.4..
  1060: 0b 04 0b ff ff 00 4c 4e 4b 42 00 12 0b 04 0b ff  ......LNKB......
  1070: ff 01 4c 4e 4b 43 00 12 0c 04 0b ff ff 0a 02 4c  ..LNKC.........L
  1080: 4e 4b 44 00 12 0c 04 0b ff ff 0a 03 4c 4e 4b 41  NKD.........LNKA
  1090: 00 08 41 52 30 41 12 2c 04 12 09 04 0b ff ff 00  ..AR0A.,........
  10a0: 00 0a 11 12 09 04 0b ff ff 01 00 0a 12 12 0a 04  ................
  10b0: 0b ff ff 0a 02 00 0a 13 12 0a 04 0b ff ff 0a 03  ................
  10c0: 00 0a 10 08 50 52 30 42 12 34 04 12 0b 04 0b ff  ....PR0B.4......
  10d0: ff 00 4c 4e 4b 43 00 12 0b 04 0b ff ff 01 4c 4e  ..LNKC........LN
  10e0: 4b 44 00 12 0c 04 0b ff ff 0a 02 4c 4e 4b 41 00  KD.........LNKA.
  10f0: 12 0c 04 0b ff ff 0a 03 4c 4e 4b 42 00 08 41 52  ........LNKB..AR
  1100: 30 42 12 2c 04 12 09 04 0b ff ff 00 00 0a 12 12  0B.,............
  1110: 09 04 0b ff ff 01 00 0a 13 12 0a 04 0b ff ff 0a  ................
  1120: 02 00 0a 10 12 0a 04 0b ff ff 0a 03 00 0a 11 08  ................
  1130: 50 52 30 43 12 34 04 12 0b 04 0b ff ff 00 4c 4e  PR0C.4........LN
  1140: 4b 44 00 12 0b 04 0b ff ff 01 4c 4e 4b 41 00 12  KD........LNKA..
  1150: 0c 04 0b ff ff 0a 02 4c 4e 4b 42 00 12 0c 04 0b  .......LNKB.....
  1160: ff ff 0a 03 4c 4e 4b 43 00 08 41 52 30 43 12 2c  ....LNKC..AR0C.,
  1170: 04 12 09 04 0b ff ff 00 00 0a 13 12 09 04 0b ff  ................
  1180: ff 01 00 0a 10 12 0a 04 0b ff ff 0a 02 00 0a 11  ................
  1190: 12 0a 04 0b ff ff 0a 03 00 0a 12 08 50 52 53 41  ............PRSA
  11a0: 11 09 0a 06 23 f8 1c 18 79 00 08 50 52 53 42 11  ....#...y..PRSB.
  11b0: 09 0a 06 23 f8 14 18 79 00 06 50 52 53 42 50 52  ...#...y..PRSBPR
  11c0: 53 43 06 50 52 53 42 50 52 53 44 06 50 52 53 42  SC.PRSBPRSD.PRSB
  11d0: 50 52 53 45 06 50 52 53 42 50 52 53 46 06 50 52  PRSE.PRSBPRSF.PR
  11e0: 53 42 50 52 53 47 06 50 52 53 42 50 52 53 48 5b  SBPRSG.PRSBPRSH[
  11f0: 82 8a b5 04 50 43 49 30 08 5f 48 49 44 0c 41 d0  ....PCI0._HID.A.
  1200: 0a 08 08 5f 43 49 44 0c 41 d0 0a 03 08 5f 41 44  ..._CID.A...._AD
  1210: 52 00 14 09 5e 42 4e 30 30 00 a4 00 14 0b 5f 42  R...^BN00....._B
  1220: 42 4e 00 a4 42 4e 30 30 08 5f 55 49 44 00 14 16  BN..BN00._UID...
  1230: 5f 50 52 54 00 a0 0a 50 49 43 4d a4 41 52 30 30  _PRT...PICM.AR00
  1240: a4 50 52 30 30 5b 80 48 42 55 53 02 00 0b 00 01  .PR00[.HBUS.....
  1250: 5b 81 4b 0d 48 42 55 53 03 00 40 20 45 50 45 4e  [.K.HBUS..@ EPEN
  1260: 01 00 0b 45 50 42 52 14 00 20 4d 48 45 4e 01 00  ...EPBR.. MHEN..
  1270: 0e 4d 48 42 52 11 00 20 47 43 4c 4b 01 00 1f 44  .MHBR.. GCLK...D
  1280: 30 45 4e 01 00 4f 05 50 58 45 4e 01 50 58 53 5a  0EN..O.PXEN.PXSZ
  1290: 02 00 17 50 58 42 52 06 00 20 44 49 45 4e 01 00  ...PXBR.. DIEN..
  12a0: 0b 44 49 42 52 14 00 20 00 14 4d 45 42 52 0c 00  .DIBR.. ..MEBR..
  12b0: 40 06 00 04 50 4d 30 48 02 00 02 50 4d 31 4c 02  @...PM0H...PM1L.
  12c0: 00 02 50 4d 31 48 02 00 02 50 4d 32 4c 02 00 02  ..PM1H...PM2L...
  12d0: 50 4d 32 48 02 00 02 50 4d 33 4c 02 00 02 50 4d  PM2H...PM3L...PM
  12e0: 33 48 02 00 02 50 4d 34 4c 02 00 02 50 4d 34 48  3H...PM4L...PM4H
  12f0: 02 00 02 50 4d 35 4c 02 00 02 50 4d 35 48 02 00  ...PM5L...PM5H..
  1300: 02 50 4d 36 4c 02 00 02 50 4d 36 48 02 00 02 00  .PM6L...PM6H....
  1310: 48 10 00 14 54 55 55 44 13 00 49 07 00 14 54 4c  H...TUUD..I...TL
  1320: 55 44 0c 00 40 04 00 07 48 54 53 45 01 5b 80 4d  UD..@...HTSE.[.M
  1330: 43 48 54 00 0c 00 00 d1 fe 0b 00 11 5b 81 06 4d  CHT.........[..M
  1340: 43 48 54 01 08 42 55 46 30 11 47 20 0b 02 02 88  CHT..BUF0.G ....
  1350: 0d 00 02 0c 00 00 00 00 00 ff 00 00 00 00 01 87  ................
  1360: 17 00 01 0c 03 00 00 00 00 00 00 00 00 f7 0c 00  ................
  1370: 00 00 00 00 00 f8 0c 00 00 47 01 f8 0c f8 0c 01  .........G......
  1380: 08 87 17 00 01 0c 03 00 00 00 00 00 0d 00 00 ff  ................
  1390: ff 00 00 00 00 00 00 00 f3 00 00 87 17 00 00 0c  ................
  13a0: 03 00 00 00 00 00 00 0a 00 ff ff 0b 00 00 00 00  ................
  13b0: 00 00 00 02 00 87 17 00 00 0c 03 00 00 00 00 00  ................
  13c0: 00 0c 00 ff 3f 0c 00 00 00 00 00 00 40 00 00 87  ....?.......@...
  13d0: 17 00 00 0c 03 00 00 00 00 00 40 0c 00 ff 7f 0c  ..........@.....
  13e0: 00 00 00 00 00 00 40 00 00 87 17 00 00 0c 03 00  ......@.........
  13f0: 00 00 00 00 80 0c 00 ff bf 0c 00 00 00 00 00 00  ................
  1400: 40 00 00 87 17 00 00 0c 03 00 00 00 00 00 c0 0c  @...............
  1410: 00 ff ff 0c 00 00 00 00 00 00 40 00 00 87 17 00  ..........@.....
  1420: 00 0c 03 00 00 00 00 00 00 0d 00 ff 3f 0d 00 00  ............?...
  1430: 00 00 00 00 40 00 00 87 17 00 00 0c 03 00 00 00  ....@...........
  1440: 00 00 40 0d 00 ff 7f 0d 00 00 00 00 00 00 40 00  ..@...........@.
  1450: 00 87 17 00 00 0c 03 00 00 00 00 00 80 0d 00 ff  ................
  1460: bf 0d 00 00 00 00 00 00 40 00 00 87 17 00 00 0c  ........@.......
  1470: 03 00 00 00 00 00 c0 0d 00 ff ff 0d 00 00 00 00  ................
  1480: 00 00 40 00 00 87 17 00 00 0c 03 00 00 00 00 00  ..@.............
  1490: 00 0e 00 ff 3f 0e 00 00 00 00 00 00 40 00 00 87  ....?.......@...
  14a0: 17 00 00 0c 03 00 00 00 00 00 40 0e 00 ff 7f 0e  ..........@.....
  14b0: 00 00 00 00 00 00 40 00 00 87 17 00 00 0c 03 00  ......@.........
  14c0: 00 00 00 00 80 0e 00 ff bf 0e 00 00 00 00 00 00  ................
  14d0: 40 00 00 87 17 00 00 0c 03 00 00 00 00 00 c0 0e  @...............
  14e0: 00 ff ff 0e 00 00 00 00 00 00 40 00 00 87 17 00  ..........@.....
  14f0: 00 0c 03 00 00 00 00 00 00 0f 00 ff ff 0f 00 00  ................
  1500: 00 00 00 00 00 01 00 87 17 00 00 0c 03 00 00 00  ................
  1510: 00 00 00 00 00 ff ff af fe 00 00 00 00 00 00 b0  ................
  1520: fe 8a 2b 00 00 0c 03 00 00 00 00 00 00 00 00 00  ..+.............
  1530: 00 01 00 00 00 00 00 ff ff 01 00 00 00 00 00 00  ................
  1540: 00 00 00 00 00 00 00 00 00 01 00 00 00 00 00 79  ...............y
  1550: 00 14 45 39 5f 43 52 53 08 8b 42 55 46 30 0a 0a  ..E9_CRS..BUF0..
  1560: 50 42 4d 58 70 74 7a 50 45 4c 4e 0a 14 00 0a 02  PBMXptzPELN.....
  1570: 00 50 42 4d 58 8b 42 55 46 30 0a 0e 50 42 4c 4e  .PBMX.BUF0..PBLN
  1580: 70 74 7a 50 45 4c 4e 0a 14 00 01 00 50 42 4c 4e  ptzPELN.....PBLN
  1590: a0 16 50 4d 31 4c 8a 42 55 46 30 0a 7c 43 30 4c  ..PM1L.BUF0.|C0L
  15a0: 4e 70 00 43 30 4c 4e a0 19 93 50 4d 31 4c 01 8d  Np.C0LN...PM1L..
  15b0: 42 55 46 30 0b 58 03 43 30 52 57 70 00 43 30 52  BUF0.X.C0RWp.C0R
  15c0: 57 a0 16 50 4d 31 48 8a 42 55 46 30 0a 96 43 34  W..PM1H.BUF0..C4
  15d0: 4c 4e 70 00 43 34 4c 4e a0 19 93 50 4d 31 48 01  LNp.C4LN...PM1H.
  15e0: 8d 42 55 46 30 0b 28 04 43 34 52 57 70 00 43 34  .BUF0.(.C4RWp.C4
  15f0: 52 57 a0 16 50 4d 32 4c 8a 42 55 46 30 0a b0 43  RW..PM2L.BUF0..C
  1600: 38 4c 4e 70 00 43 38 4c 4e a0 19 93 50 4d 32 4c  8LNp.C8LN...PM2L
  1610: 01 8d 42 55 46 30 0b f8 04 43 38 52 57 70 00 43  ..BUF0...C8RWp.C
  1620: 38 52 57 a0 16 50 4d 32 48 8a 42 55 46 30 0a ca  8RW..PM2H.BUF0..
  1630: 43 43 4c 4e 70 00 43 43 4c 4e a0 19 93 50 4d 32  CCLNp.CCLN...PM2
  1640: 48 01 8d 42 55 46 30 0b c8 05 43 43 52 57 70 00  H..BUF0...CCRWp.
  1650: 43 43 52 57 a0 16 50 4d 33 4c 8a 42 55 46 30 0a  CCRW..PM3L.BUF0.
  1660: e4 44 30 4c 4e 70 00 44 30 4c 4e a0 19 93 50 4d  .D0LNp.D0LN...PM
  1670: 33 4c 01 8d 42 55 46 30 0b 98 06 44 30 52 57 70  3L..BUF0...D0RWp
  1680: 00 44 30 52 57 a0 16 50 4d 33 48 8a 42 55 46 30  .D0RW..PM3H.BUF0
  1690: 0a fe 44 34 4c 4e 70 00 44 34 4c 4e a0 19 93 50  ..D4LNp.D4LN...P
  16a0: 4d 33 48 01 8d 42 55 46 30 0b 68 07 44 34 52 57  M3H..BUF0.h.D4RW
  16b0: 70 00 44 34 52 57 a0 17 50 4d 34 4c 8a 42 55 46  p.D4RW..PM4L.BUF
  16c0: 30 0b 18 01 44 38 4c 4e 70 00 44 38 4c 4e a0 19  0...D8LNp.D8LN..
  16d0: 93 50 4d 34 4c 01 8d 42 55 46 30 0b 38 08 44 38  .PM4L..BUF0.8.D8
  16e0: 52 57 70 00 44 38 52 57 a0 17 50 4d 34 48 8a 42  RWp.D8RW..PM4H.B
  16f0: 55 46 30 0b 32 01 44 43 4c 4e 70 00 44 43 4c 4e  UF0.2.DCLNp.DCLN
  1700: a0 19 93 50 4d 34 48 01 8d 42 55 46 30 0b 08 09  ...PM4H..BUF0...
  1710: 44 43 52 57 70 00 44 43 52 57 a0 17 50 4d 35 4c  DCRWp.DCRW..PM5L
  1720: 8a 42 55 46 30 0b 4c 01 45 30 4c 4e 70 00 45 30  .BUF0.L.E0LNp.E0
  1730: 4c 4e a0 19 93 50 4d 35 4c 01 8d 42 55 46 30 0b  LN...PM5L..BUF0.
  1740: d8 09 45 30 52 57 70 00 45 30 52 57 a0 17 50 4d  ..E0RWp.E0RW..PM
  1750: 35 48 8a 42 55 46 30 0b 66 01 45 34 4c 4e 70 00  5H.BUF0.f.E4LNp.
  1760: 45 34 4c 4e a0 19 93 50 4d 35 48 01 8d 42 55 46  E4LN...PM5H..BUF
  1770: 30 0b a8 0a 45 34 52 57 70 00 45 34 52 57 a0 17  0...E4RWp.E4RW..
  1780: 50 4d 36 4c 8a 42 55 46 30 0b 80 01 45 38 4c 4e  PM6L.BUF0...E8LN
  1790: 70 00 45 38 4c 4e a0 19 93 50 4d 36 4c 01 8d 42  p.E8LN...PM6L..B
  17a0: 55 46 30 0b 78 0b 45 38 52 57 70 00 45 38 52 57  UF0.x.E8RWp.E8RW
  17b0: a0 17 50 4d 36 48 8a 42 55 46 30 0b 9a 01 45 43  ..PM6H.BUF0...EC
  17c0: 4c 4e 70 00 45 43 4c 4e a0 19 93 50 4d 36 48 01  LNp.ECLN...PM6H.
  17d0: 8d 42 55 46 30 0b 48 0c 45 43 52 57 70 00 45 43  .BUF0.H.ECRWp.EC
  17e0: 52 57 a0 17 50 4d 30 48 8a 42 55 46 30 0b b4 01  RW..PM0H.BUF0...
  17f0: 46 30 4c 4e 70 00 46 30 4c 4e a0 19 93 50 4d 30  F0LNp.F0LN...PM0
  1800: 48 01 8d 42 55 46 30 0b 18 0d 46 30 52 57 70 00  H..BUF0...F0RWp.
  1810: 46 30 52 57 8a 42 55 46 30 0b c2 01 4d 31 4d 4e  F0RW.BUF0...M1MN
  1820: 8a 42 55 46 30 0b c6 01 4d 31 4d 58 8a 42 55 46  .BUF0...M1MX.BUF
  1830: 30 0b ce 01 4d 31 4c 4e 79 54 4c 55 44 0a 14 4d  0...M1LNyTLUD..M
  1840: 31 4d 4e 72 74 4d 31 4d 58 4d 31 4d 4e 00 01 4d  1MNrtM1MXM1MN..M
  1850: 31 4c 4e a0 23 91 93 4d 4d 36 34 00 92 94 4f 53  1LN.#..MM64...OS
  1860: 59 53 0b d3 07 8a 42 55 46 30 0b f8 01 4d 53 4c  YS....BUF0...MSL
  1870: 4e 70 00 4d 53 4c 4e a1 4a 06 8f 42 55 46 30 0b  Np.MSLN.J..BUF0.
  1880: f8 01 4d 32 4c 4e 8f 42 55 46 30 0b e0 01 4d 32  ..M2LN.BUF0...M2
  1890: 4d 4e 8f 42 55 46 30 0b e8 01 4d 32 4d 58 70 0e  MN.BUF0...M2MXp.
  18a0: 00 00 00 00 04 00 00 00 4d 32 4c 4e a0 15 92 95  ........M2LN....
  18b0: 54 55 55 44 0b 00 10 79 54 55 55 44 0a 14 4d 32  TUUD...yTUUD..M2
  18c0: 4d 4e a1 0f 70 0e 00 00 00 00 01 00 00 00 4d 32  MN..p.........M2
  18d0: 4d 4e 74 72 4d 32 4d 4e 4d 32 4c 4e 00 01 4d 32  MNtrM2MNM2LN..M2
  18e0: 4d 58 a4 42 55 46 30 08 47 55 49 44 11 13 0a 10  MX.BUF0.GUID....
  18f0: 5b 4d db 33 f7 1f 1c 40 96 57 74 41 c0 3d d7 66  [M.3...@.WtA.=.f
  1900: 08 53 55 50 50 00 08 43 54 52 4c 00 08 58 43 4e  .SUPP..CTRL..XCN
  1910: 54 00 14 41 11 5f 4f 53 43 0c 70 6b 60 8a 60 00  T..A._OSC.pk`.`.
  1920: 43 44 57 31 8a 60 0a 04 43 44 57 32 8a 60 0a 08  CDW1.`..CDW2.`..
  1930: 43 44 57 33 a0 1a 5e 2e 58 48 43 5f 43 55 49 44  CDW3..^.XHC_CUID
  1940: 68 a4 5e 2e 58 48 43 5f 50 4f 53 43 69 6a 6b a1  h.^.XHC_POSCijk.
  1950: 2c a0 2a 5f 4f 53 49 0d 57 69 6e 64 6f 77 73 20  ,.*_OSI.Windows 
  1960: 32 30 31 32 00 a0 16 93 58 43 4e 54 00 5e 2e 58  2012....XCNT.^.X
  1970: 48 43 5f 58 53 45 4c 75 58 43 4e 54 a0 48 09 93  HC_XSELuXCNT.H..
  1980: 68 47 55 49 44 70 43 44 57 32 53 55 50 50 70 43  hGUIDpCDW2SUPPpC
  1990: 44 57 33 43 54 52 4c a0 15 93 4e 45 58 50 00 7b  DW3CTRL...NEXP.{
  19a0: 43 54 52 4c 0c f8 ff ff ff 43 54 52 4c a0 2b 4e  CTRL.....CTRL.+N
  19b0: 45 58 50 a0 25 80 7b 43 44 57 31 01 00 00 a0 0c  EXP.%.{CDW1.....
  19c0: 7b 43 54 52 4c 01 00 4e 48 50 47 a0 0d 7b 43 54  {CTRL..NHPG..{CT
  19d0: 52 4c 0a 04 00 4e 50 4d 45 a0 10 92 93 69 01 7d  RL...NPME....i.}
  19e0: 43 44 57 31 0a 08 43 44 57 31 a0 16 92 93 43 44  CDW1..CDW1....CD
  19f0: 57 33 43 54 52 4c 7d 43 44 57 31 0a 10 43 44 57  W3CTRL}CDW1..CDW
  1a00: 31 70 43 54 52 4c 43 44 57 33 70 43 54 52 4c 4f  1pCTRLCDW3pCTRLO
  1a10: 53 43 43 a4 60 a1 0e 7d 43 44 57 31 0a 04 43 44  SCC.`..}CDW1..CD
  1a20: 57 31 a4 60 10 44 19 5c 2e 5f 53 42 5f 50 43 49  W1.`.D.\._SB_PCI
  1a30: 30 14 0d 41 52 30 30 00 a4 5e 5e 41 52 30 30 14  0..AR00..^^AR00.
  1a40: 0d 50 52 30 30 00 a4 5e 5e 50 52 30 30 14 0d 41  .PR00..^^PR00..A
  1a50: 52 30 31 00 a4 5e 5e 41 52 30 31 14 0d 50 52 30  R01..^^AR01..PR0
  1a60: 31 00 a4 5e 5e 50 52 30 31 14 0d 41 52 30 32 00  1..^^PR01..AR02.
  1a70: a4 5e 5e 41 52 30 32 14 0d 50 52 30 32 00 a4 5e  .^^AR02..PR02..^
  1a80: 5e 50 52 30 32 14 0d 41 52 30 34 00 a4 5e 5e 41  ^PR02..AR04..^^A
  1a90: 52 30 34 14 0d 50 52 30 34 00 a4 5e 5e 50 52 30  R04..PR04..^^PR0
  1aa0: 34 14 0d 41 52 30 35 00 a4 5e 5e 41 52 30 35 14  4..AR05..^^AR05.
  1ab0: 0d 50 52 30 35 00 a4 5e 5e 50 52 30 35 14 0d 41  .PR05..^^PR05..A
  1ac0: 52 30 36 00 a4 5e 5e 41 52 30 36 14 0d 50 52 30  R06..^^AR06..PR0
  1ad0: 36 00 a4 5e 5e 50 52 30 36 14 0d 41 52 30 37 00  6..^^PR06..AR07.
  1ae0: a4 5e 5e 41 52 30 37 14 0d 50 52 30 37 00 a4 5e  .^^AR07..PR07..^
  1af0: 5e 50 52 30 37 14 0d 41 52 30 38 00 a4 5e 5e 41  ^PR07..AR08..^^A
  1b00: 52 30 38 14 0d 50 52 30 38 00 a4 5e 5e 50 52 30  R08..PR08..^^PR0
  1b10: 38 14 0d 41 52 30 39 00 a4 5e 5e 41 52 30 39 14  8..AR09..^^AR09.
  1b20: 0d 50 52 30 39 00 a4 5e 5e 50 52 30 39 14 0d 41  .PR09..^^PR09..A
  1b30: 52 30 45 00 a4 5e 5e 41 52 30 45 14 0d 50 52 30  R0E..^^AR0E..PR0
  1b40: 45 00 a4 5e 5e 50 52 30 45 14 0d 41 52 30 46 00  E..^^PR0E..AR0F.
  1b50: a4 5e 5e 41 52 30 46 14 0d 50 52 30 46 00 a4 5e  .^^AR0F..PR0F..^
  1b60: 5e 50 52 30 46 14 0d 41 52 30 41 00 a4 5e 5e 41  ^PR0F..AR0A..^^A
  1b70: 52 30 41 14 0d 50 52 30 41 00 a4 5e 5e 50 52 30  R0A..PR0A..^^PR0
  1b80: 41 14 0d 41 52 30 42 00 a4 5e 5e 41 52 30 42 14  A..AR0B..^^AR0B.
  1b90: 0d 50 52 30 42 00 a4 5e 5e 50 52 30 42 14 0d 41  .PR0B..^^PR0B..A
  1ba0: 52 30 43 00 a4 5e 5e 41 52 30 43 14 0d 50 52 30  R0C..^^AR0C..PR0
  1bb0: 43 00 a4 5e 5e 50 52 30 43 5b 82 4b 04 54 50 4d  C..^^PR0C[.K.TPM
  1bc0: 58 08 5f 48 49 44 0c 41 d0 0c 01 08 5f 55 49 44  X._HID.A...._UID
  1bd0: 01 08 43 52 53 5f 11 11 0a 0e 86 09 00 00 00 00  ..CRS_..........
  1be0: d4 fe 00 50 00 00 79 00 14 0b 5f 43 52 53 00 a4  ...P..y..._CRS..
  1bf0: 43 52 53 5f 14 11 5f 53 54 41 00 a0 07 54 50 4d  CRS_.._STA...TPM
  1c00: 46 a4 00 a4 0a 0f 5b 82 36 50 30 50 31 08 5f 41  F.....[.6P0P1._A
  1c10: 44 52 0c 00 00 1e 00 14 0f 5f 50 52 57 00 a4 47  DR......._PRW..G
  1c20: 50 52 57 0a 0b 0a 04 14 16 5f 50 52 54 00 a0 0a  PRW......_PRT...
  1c30: 50 49 43 4d a4 41 52 30 31 a4 50 52 30 31 5b 82  PICM.AR01.PR01[.
  1c40: 0f 42 30 44 34 08 5f 41 44 52 0c 00 00 04 00 5b  .B0D4._ADR.....[
  1c50: 82 46 04 50 45 47 30 08 5f 41 44 52 0c 00 00 01  .F.PEG0._ADR....
  1c60: 00 14 0f 5f 50 52 57 00 a4 47 50 52 57 0a 09 0a  ..._PRW..GPRW...
  1c70: 04 14 16 5f 50 52 54 00 a0 0a 50 49 43 4d a4 41  ..._PRT...PICM.A
  1c80: 52 30 32 a4 50 52 30 32 5b 82 0d 50 45 47 50 08  R02.PR02[..PEGP.
  1c90: 5f 41 44 52 0b ff ff 5b 82 36 50 45 47 31 08 5f  _ADR...[.6PEG1._
  1ca0: 41 44 52 0c 01 00 01 00 14 0f 5f 50 52 57 00 a4  ADR......._PRW..
  1cb0: 47 50 52 57 0a 09 0a 04 14 16 5f 50 52 54 00 a0  GPRW......_PRT..
  1cc0: 0a 50 49 43 4d a4 41 52 30 41 a4 50 52 30 41 5b  .PICM.AR0A.PR0A[
  1cd0: 82 36 50 45 47 32 08 5f 41 44 52 0c 02 00 01 00  .6PEG2._ADR.....
  1ce0: 14 0f 5f 50 52 57 00 a4 47 50 52 57 0a 09 0a 04  .._PRW..GPRW....
  1cf0: 14 16 5f 50 52 54 00 a0 0a 50 49 43 4d a4 41 52  .._PRT...PICM.AR
  1d00: 30 42 a4 50 52 30 42 5b 82 36 50 45 47 33 08 5f  0B.PR0B[.6PEG3._
  1d10: 41 44 52 0c 00 00 06 00 14 0f 5f 50 52 57 00 a4  ADR......._PRW..
  1d20: 47 50 52 57 0a 09 0a 04 14 16 5f 50 52 54 00 a0  GPRW......_PRT..
  1d30: 0a 50 49 43 4d a4 41 52 30 43 a4 50 52 30 43 5b  .PICM.AR0C.PR0C[
  1d40: 82 1f 58 48 43 31 08 5f 41 44 52 0c 00 00 14 00  ..XHC1._ADR.....
  1d50: 14 0f 5f 50 52 57 00 a4 47 50 52 57 0a 0d 0a 03  .._PRW..GPRW....
  1d60: 5b 82 1f 45 48 43 31 08 5f 41 44 52 0c 00 00 1d  [..EHC1._ADR....
  1d70: 00 14 0f 5f 50 52 57 00 a4 47 50 52 57 0a 0d 0a  ..._PRW..GPRW...
  1d80: 03 5b 82 1f 55 53 42 31 08 5f 41 44 52 0c 01 00  .[..USB1._ADR...
  1d90: 1d 00 14 0f 5f 50 52 57 00 a4 47 50 52 57 0a 03  ...._PRW..GPRW..
  1da0: 0a 03 5b 82 1f 55 53 42 32 08 5f 41 44 52 0c 02  ..[..USB2._ADR..
  1db0: 00 1d 00 14 0f 5f 50 52 57 00 a4 47 50 52 57 0a  ....._PRW..GPRW.
  1dc0: 04 0a 03 5b 82 1f 55 53 42 33 08 5f 41 44 52 0c  ...[..USB3._ADR.
  1dd0: 03 00 1d 00 14 0f 5f 50 52 57 00 a4 47 50 52 57  ......_PRW..GPRW
  1de0: 0a 0c 0a 03 5b 82 1f 55 53 42 34 08 5f 41 44 52  ....[..USB4._ADR
  1df0: 0c 04 00 1d 00 14 0f 5f 50 52 57 00 a4 47 50 52  ......._PRW..GPR
  1e00: 57 0a 0e 0a 03 5b 82 1f 45 48 43 32 08 5f 41 44  W....[..EHC2._AD
  1e10: 52 0c 00 00 1a 00 14 0f 5f 50 52 57 00 a4 47 50  R......._PRW..GP
  1e20: 52 57 0a 0d 0a 03 5b 82 1f 55 53 42 35 08 5f 41  RW....[..USB5._A
  1e30: 44 52 0c 01 00 1a 00 14 0f 5f 50 52 57 00 a4 47  DR......._PRW..G
  1e40: 50 52 57 0a 05 0a 03 5b 82 1f 55 53 42 36 08 5f  PRW....[..USB6._
  1e50: 41 44 52 0c 02 00 1a 00 14 0f 5f 50 52 57 00 a4  ADR......._PRW..
  1e60: 47 50 52 57 0a 20 0a 03 5b 82 1f 55 53 42 37 08  GPRW. ..[..USB7.
  1e70: 5f 41 44 52 0c 03 00 1a 00 14 0f 5f 50 52 57 00  _ADR......._PRW.
  1e80: a4 47 50 52 57 0a 25 0a 03 5b 82 4f 04 48 44 45  .GPRW.%..[.O.HDE
  1e90: 46 08 5f 41 44 52 0c 00 00 1b 00 5b 80 48 44 41  F._ADR.....[.HDA
  1ea0: 52 02 0a 4c 0a 10 5b 81 22 48 44 41 52 02 44 43  R..L..[."HDAR.DC
  1eb0: 4b 41 01 00 07 44 43 4b 4d 01 00 06 44 43 4b 53  KA...DCKM...DCKS
  1ec0: 01 00 30 00 0f 50 4d 45 53 01 14 0f 5f 50 52 57  ..0..PMES..._PRW
  1ed0: 00 a4 47 50 52 57 0a 0d 0a 04 5b 82 42 19 52 50  ..GPRW....[.B.RP
  1ee0: 30 31 08 5f 41 44 52 0c 00 00 1c 00 5b 80 4c 43  01._ADR.....[.LC
  1ef0: 54 4c 02 0a 50 0a 04 5b 81 12 4c 43 54 4c 01 00  TL..P..[..LCTL..
  1f00: 04 50 45 4c 44 01 50 45 52 4c 01 5b 80 53 4c 4f  .PELD.PERL.[.SLO
  1f10: 54 02 0a 54 0a 10 5b 81 43 04 53 4c 4f 54 01 53  T..T..[.C.SLOT.S
  1f20: 43 41 50 20 53 43 54 4c 10 41 42 50 31 01 50 46  CAP SCTL.ABP1.PF
  1f30: 44 31 01 4d 53 43 31 01 50 44 43 31 01 43 43 31  D1.MSC1.PDC1.CC1
  1f40: 30 01 4d 53 31 30 01 50 44 53 31 01 52 53 56 30  0.MS10.PDS1.RSV0
  1f50: 01 4c 41 53 43 01 52 53 56 31 07 5b 80 52 48 55  .LASC.RSV1.[.RHU
  1f60: 42 02 0a 60 0a 10 5b 81 1a 52 48 55 42 01 50 4d  B..`..[..RHUB.PM
  1f70: 49 44 10 50 4d 45 53 01 50 4d 45 50 01 52 53 56  ID.PMES.PMEP.RSV
  1f80: 32 0e 5b 80 4d 49 53 43 02 0a d8 0a 08 5b 81 3d  2.[.MISC.....[.=
  1f90: 4d 49 53 43 01 52 53 56 34 1e 50 4d 43 45 01 48  MISC.RSV4.PMCE.H
  1fa0: 50 43 45 01 50 4d 4d 53 01 48 50 50 44 01 48 50  PCE.PMMS.HPPD.HP
  1fb0: 41 42 01 48 50 43 43 01 48 50 4c 41 01 52 53 56  AB.HPCC.HPLA.RSV
  1fc0: 33 19 48 50 43 53 01 50 4d 43 53 01 5b 80 50 58  3.HPCS.PMCS.[.PX
  1fd0: 43 53 02 0a 40 0a c0 5b 81 41 05 50 58 43 53 40  CS..@..[.A.PXCS@
  1fe0: 00 40 09 00 0d 4c 41 53 58 01 00 32 41 42 50 58  .@...LASX..2ABPX
  1ff0: 01 00 02 50 44 43 58 01 00 02 50 44 53 58 01 00  ...PDCX...PDSX..
  2000: 01 4c 53 43 58 01 00 27 00 10 50 53 50 58 01 00  .LSCX..'..PSPX..
  2010: 4f 3a 00 1e 48 50 45 58 01 50 4d 45 58 01 00 1e  O:..HPEX.PMEX...
  2020: 48 50 53 58 01 50 4d 53 58 01 14 1c 48 50 48 4b  HPSX.PMSX...HPHK
  2030: 00 70 01 50 44 43 31 70 01 48 50 43 53 70 00 50  .p.PDC1p.HPCSp.P
  2040: 45 4c 44 5b 22 0a fa 14 0f 5f 50 52 57 00 a4 47  ELD["...._PRW..G
  2050: 50 52 57 0a 09 0a 04 14 16 5f 50 52 54 00 a0 0a  PRW......_PRT...
  2060: 50 49 43 4d a4 41 52 30 34 a4 50 52 30 34 5b 82  PICM.AR04.PR04[.
  2070: 42 19 52 50 30 33 08 5f 41 44 52 0c 02 00 1c 00  B.RP03._ADR.....
  2080: 5b 80 4c 43 54 4c 02 0a 50 0a 04 5b 81 12 4c 43  [.LCTL..P..[..LC
  2090: 54 4c 01 00 04 50 45 4c 44 01 50 45 52 4c 01 5b  TL...PELD.PERL.[
  20a0: 80 53 4c 4f 54 02 0a 54 0a 10 5b 81 43 04 53 4c  .SLOT..T..[.C.SL
  20b0: 4f 54 01 53 43 41 50 20 53 43 54 4c 10 41 42 50  OT.SCAP SCTL.ABP
  20c0: 31 01 50 46 44 31 01 4d 53 43 31 01 50 44 43 31  1.PFD1.MSC1.PDC1
  20d0: 01 43 43 31 30 01 4d 53 31 30 01 50 44 53 31 01  .CC10.MS10.PDS1.
  20e0: 52 53 56 30 01 4c 41 53 43 01 52 53 56 31 07 5b  RSV0.LASC.RSV1.[
  20f0: 80 52 48 55 42 02 0a 60 0a 10 5b 81 1a 52 48 55  .RHUB..`..[..RHU
  2100: 42 01 50 4d 49 44 10 50 4d 45 53 01 50 4d 45 50  B.PMID.PMES.PMEP
  2110: 01 52 53 56 32 0e 5b 80 4d 49 53 43 02 0a d8 0a  .RSV2.[.MISC....
  2120: 08 5b 81 3d 4d 49 53 43 01 52 53 56 34 1e 50 4d  .[.=MISC.RSV4.PM
  2130: 43 45 01 48 50 43 45 01 50 4d 4d 53 01 48 50 50  CE.HPCE.PMMS.HPP
  2140: 44 01 48 50 41 42 01 48 50 43 43 01 48 50 4c 41  D.HPAB.HPCC.HPLA
  2150: 01 52 53 56 33 19 48 50 43 53 01 50 4d 43 53 01  .RSV3.HPCS.PMCS.
  2160: 5b 80 50 58 43 53 02 0a 40 0a c0 5b 81 41 05 50  [.PXCS..@..[.A.P
  2170: 58 43 53 40 00 40 09 00 0d 4c 41 53 58 01 00 32  XCS@.@...LASX..2
  2180: 41 42 50 58 01 00 02 50 44 43 58 01 00 02 50 44  ABPX...PDCX...PD
  2190: 53 58 01 00 01 4c 53 43 58 01 00 27 00 10 50 53  SX...LSCX..'..PS
  21a0: 50 58 01 00 4f 3a 00 1e 48 50 45 58 01 50 4d 45  PX..O:..HPEX.PME
  21b0: 58 01 00 1e 48 50 53 58 01 50 4d 53 58 01 14 1c  X...HPSX.PMSX...
  21c0: 48 50 48 4b 00 70 01 50 44 43 31 70 01 48 50 43  HPHK.p.PDC1p.HPC
  21d0: 53 70 00 50 45 4c 44 5b 22 0a fa 14 0f 5f 50 52  Sp.PELD["...._PR
  21e0: 57 00 a4 47 50 52 57 0a 09 0a 04 14 16 5f 50 52  W..GPRW......_PR
  21f0: 54 00 a0 0a 50 49 43 4d a4 41 52 30 36 a4 50 52  T...PICM.AR06.PR
  2200: 30 36 5b 82 42 19 52 50 30 35 08 5f 41 44 52 0c  06[.B.RP05._ADR.
  2210: 04 00 1c 00 5b 80 4c 43 54 4c 02 0a 50 0a 04 5b  ....[.LCTL..P..[
  2220: 81 12 4c 43 54 4c 01 00 04 50 45 4c 44 01 50 45  ..LCTL...PELD.PE
  2230: 52 4c 01 5b 80 53 4c 4f 54 02 0a 54 0a 10 5b 81  RL.[.SLOT..T..[.
  2240: 43 04 53 4c 4f 54 01 53 43 41 50 20 53 43 54 4c  C.SLOT.SCAP SCTL
  2250: 10 41 42 50 31 01 50 46 44 31 01 4d 53 43 31 01  .ABP1.PFD1.MSC1.
  2260: 50 44 43 31 01 43 43 31 30 01 4d 53 31 30 01 50  PDC1.CC10.MS10.P
  2270: 44 53 31 01 52 53 56 30 01 4c 41 53 43 01 52 53  DS1.RSV0.LASC.RS
  2280: 56 31 07 5b 80 52 48 55 42 02 0a 60 0a 10 5b 81  V1.[.RHUB..`..[.
  2290: 1a 52 48 55 42 01 50 4d 49 44 10 50 4d 45 53 01  .RHUB.PMID.PMES.
  22a0: 50 4d 45 50 01 52 53 56 32 0e 5b 80 4d 49 53 43  PMEP.RSV2.[.MISC
  22b0: 02 0a d8 0a 08 5b 81 3d 4d 49 53 43 01 52 53 56  .....[.=MISC.RSV
  22c0: 34 1e 50 4d 43 45 01 48 50 43 45 01 50 4d 4d 53  4.PMCE.HPCE.PMMS
  22d0: 01 48 50 50 44 01 48 50 41 42 01 48 50 43 43 01  .HPPD.HPAB.HPCC.
  22e0: 48 50 4c 41 01 52 53 56 33 19 48 50 43 53 01 50  HPLA.RSV3.HPCS.P
  22f0: 4d 43 53 01 5b 80 50 58 43 53 02 0a 40 0a c0 5b  MCS.[.PXCS..@..[
  2300: 81 41 05 50 58 43 53 40 00 40 09 00 0d 4c 41 53  .A.PXCS@.@...LAS
  2310: 58 01 00 32 41 42 50 58 01 00 02 50 44 43 58 01  X..2ABPX...PDCX.
  2320: 00 02 50 44 53 58 01 00 01 4c 53 43 58 01 00 27  ..PDSX...LSCX..'
  2330: 00 10 50 53 50 58 01 00 4f 3a 00 1e 48 50 45 58  ..PSPX..O:..HPEX
  2340: 01 50 4d 45 58 01 00 1e 48 50 53 58 01 50 4d 53  .PMEX...HPSX.PMS
  2350: 58 01 14 1c 48 50 48 4b 00 70 01 50 44 43 31 70  X...HPHK.p.PDC1p
  2360: 01 48 50 43 53 70 00 50 45 4c 44 5b 22 0a fa 14  .HPCSp.PELD["...
  2370: 0f 5f 50 52 57 00 a4 47 50 52 57 0a 09 0a 04 14  ._PRW..GPRW.....
  2380: 16 5f 50 52 54 00 a0 0a 50 49 43 4d a4 41 52 30  ._PRT...PICM.AR0
  2390: 38 a4 50 52 30 38 5b 82 42 19 52 50 30 36 08 5f  8.PR08[.B.RP06._
  23a0: 41 44 52 0c 05 00 1c 00 5b 80 4c 43 54 4c 02 0a  ADR.....[.LCTL..
  23b0: 50 0a 04 5b 81 12 4c 43 54 4c 01 00 04 50 45 4c  P..[..LCTL...PEL
  23c0: 44 01 50 45 52 4c 01 5b 80 53 4c 4f 54 02 0a 54  D.PERL.[.SLOT..T
  23d0: 0a 10 5b 81 43 04 53 4c 4f 54 01 53 43 41 50 20  ..[.C.SLOT.SCAP 
  23e0: 53 43 54 4c 10 41 42 50 31 01 50 46 44 31 01 4d  SCTL.ABP1.PFD1.M
  23f0: 53 43 31 01 50 44 43 31 01 43 43 31 30 01 4d 53  SC1.PDC1.CC10.MS
  2400: 31 30 01 50 44 53 31 01 52 53 56 30 01 4c 41 53  10.PDS1.RSV0.LAS
  2410: 43 01 52 53 56 31 07 5b 80 52 48 55 42 02 0a 60  C.RSV1.[.RHUB..`
  2420: 0a 10 5b 81 1a 52 48 55 42 01 50 4d 49 44 10 50  ..[..RHUB.PMID.P
  2430: 4d 45 53 01 50 4d 45 50 01 52 53 56 32 0e 5b 80  MES.PMEP.RSV2.[.
  2440: 4d 49 53 43 02 0a d8 0a 08 5b 81 3d 4d 49 53 43  MISC.....[.=MISC
  2450: 01 52 53 56 34 1e 50 4d 43 45 01 48 50 43 45 01  .RSV4.PMCE.HPCE.
  2460: 50 4d 4d 53 01 48 50 50 44 01 48 50 41 42 01 48  PMMS.HPPD.HPAB.H
  2470: 50 43 43 01 48 50 4c 41 01 52 53 56 33 19 48 50  PCC.HPLA.RSV3.HP
  2480: 43 53 01 50 4d 43 53 01 5b 80 50 58 43 53 02 0a  CS.PMCS.[.PXCS..
  2490: 40 0a c0 5b 81 41 05 50 58 43 53 40 00 40 09 00  @..[.A.PXCS@.@..
  24a0: 0d 4c 41 53 58 01 00 32 41 42 50 58 01 00 02 50  .LASX..2ABPX...P
  24b0: 44 43 58 01 00 02 50 44 53 58 01 00 01 4c 53 43  DCX...PDSX...LSC
  24c0: 58 01 00 27 00 10 50 53 50 58 01 00 4f 3a 00 1e  X..'..PSPX..O:..
  24d0: 48 50 45 58 01 50 4d 45 58 01 00 1e 48 50 53 58  HPEX.PMEX...HPSX
  24e0: 01 50 4d 53 58 01 14 1c 48 50 48 4b 00 70 01 50  .PMSX...HPHK.p.P
  24f0: 44 43 31 70 01 48 50 43 53 70 00 50 45 4c 44 5b  DC1p.HPCSp.PELD[
  2500: 22 0a fa 14 0f 5f 50 52 57 00 a4 47 50 52 57 0a  "...._PRW..GPRW.
  2510: 09 0a 04 14 16 5f 50 52 54 00 a0 0a 50 49 43 4d  ....._PRT...PICM
  2520: a4 41 52 30 39 a4 50 52 30 39 5b 82 42 19 52 50  .AR09.PR09[.B.RP
  2530: 30 37 08 5f 41 44 52 0c 06 00 1c 00 5b 80 4c 43  07._ADR.....[.LC
  2540: 54 4c 02 0a 50 0a 04 5b 81 12 4c 43 54 4c 01 00  TL..P..[..LCTL..
  2550: 04 50 45 4c 44 01 50 45 52 4c 01 5b 80 53 4c 4f  .PELD.PERL.[.SLO
  2560: 54 02 0a 54 0a 10 5b 81 43 04 53 4c 4f 54 01 53  T..T..[.C.SLOT.S
  2570: 43 41 50 20 53 43 54 4c 10 41 42 50 31 01 50 46  CAP SCTL.ABP1.PF
  2580: 44 31 01 4d 53 43 31 01 50 44 43 31 01 43 43 31  D1.MSC1.PDC1.CC1
  2590: 30 01 4d 53 31 30 01 50 44 53 31 01 52 53 56 30  0.MS10.PDS1.RSV0
  25a0: 01 4c 41 53 43 01 52 53 56 31 07 5b 80 52 48 55  .LASC.RSV1.[.RHU
  25b0: 42 02 0a 60 0a 10 5b 81 1a 52 48 55 42 01 50 4d  B..`..[..RHUB.PM
  25c0: 49 44 10 50 4d 45 53 01 50 4d 45 50 01 52 53 56  ID.PMES.PMEP.RSV
  25d0: 32 0e 5b 80 4d 49 53 43 02 0a d8 0a 08 5b 81 3d  2.[.MISC.....[.=
  25e0: 4d 49 53 43 01 52 53 56 34 1e 50 4d 43 45 01 48  MISC.RSV4.PMCE.H
  25f0: 50 43 45 01 50 4d 4d 53 01 48 50 50 44 01 48 50  PCE.PMMS.HPPD.HP
  2600: 41 42 01 48 50 43 43 01 48 50 4c 41 01 52 53 56  AB.HPCC.HPLA.RSV
  2610: 33 19 48 50 43 53 01 50 4d 43 53 01 5b 80 50 58  3.HPCS.PMCS.[.PX
  2620: 43 53 02 0a 40 0a c0 5b 81 41 05 50 58 43 53 40  CS..@..[.A.PXCS@
  2630: 00 40 09 00 0d 4c 41 53 58 01 00 32 41 42 50 58  .@...LASX..2ABPX
  2640: 01 00 02 50 44 43 58 01 00 02 50 44 53 58 01 00  ...PDCX...PDSX..
  2650: 01 4c 53 43 58 01 00 27 00 10 50 53 50 58 01 00  .LSCX..'..PSPX..
  2660: 4f 3a 00 1e 48 50 45 58 01 50 4d 45 58 01 00 1e  O:..HPEX.PMEX...
  2670: 48 50 53 58 01 50 4d 53 58 01 14 1c 48 50 48 4b  HPSX.PMSX...HPHK
  2680: 00 70 01 50 44 43 31 70 01 48 50 43 53 70 00 50  .p.PDC1p.HPCSp.P
  2690: 45 4c 44 5b 22 0a fa 14 0f 5f 50 52 57 00 a4 47  ELD["...._PRW..G
  26a0: 50 52 57 0a 09 0a 04 14 16 5f 50 52 54 00 a0 0a  PRW......_PRT...
  26b0: 50 49 43 4d a4 41 52 30 45 a4 50 52 30 45 5b 82  PICM.AR0E.PR0E[.
  26c0: 42 19 52 50 30 38 08 5f 41 44 52 0c 07 00 1c 00  B.RP08._ADR.....
  26d0: 5b 80 4c 43 54 4c 02 0a 50 0a 04 5b 81 12 4c 43  [.LCTL..P..[..LC
  26e0: 54 4c 01 00 04 50 45 4c 44 01 50 45 52 4c 01 5b  TL...PELD.PERL.[
  26f0: 80 53 4c 4f 54 02 0a 54 0a 10 5b 81 43 04 53 4c  .SLOT..T..[.C.SL
  2700: 4f 54 01 53 43 41 50 20 53 43 54 4c 10 41 42 50  OT.SCAP SCTL.ABP
  2710: 31 01 50 46 44 31 01 4d 53 43 31 01 50 44 43 31  1.PFD1.MSC1.PDC1
  2720: 01 43 43 31 30 01 4d 53 31 30 01 50 44 53 31 01  .CC10.MS10.PDS1.
  2730: 52 53 56 30 01 4c 41 53 43 01 52 53 56 31 07 5b  RSV0.LASC.RSV1.[
  2740: 80 52 48 55 42 02 0a 60 0a 10 5b 81 1a 52 48 55  .RHUB..`..[..RHU
  2750: 42 01 50 4d 49 44 10 50 4d 45 53 01 50 4d 45 50  B.PMID.PMES.PMEP
  2760: 01 52 53 56 32 0e 5b 80 4d 49 53 43 02 0a d8 0a  .RSV2.[.MISC....
  2770: 08 5b 81 3d 4d 49 53 43 01 52 53 56 34 1e 50 4d  .[.=MISC.RSV4.PM
  2780: 43 45 01 48 50 43 45 01 50 4d 4d 53 01 48 50 50  CE.HPCE.PMMS.HPP
  2790: 44 01 48 50 41 42 01 48 50 43 43 01 48 50 4c 41  D.HPAB.HPCC.HPLA
  27a0: 01 52 53 56 33 19 48 50 43 53 01 50 4d 43 53 01  .RSV3.HPCS.PMCS.
  27b0: 5b 80 50 58 43 53 02 0a 40 0a c0 5b 81 41 05 50  [.PXCS..@..[.A.P
  27c0: 58 43 53 40 00 40 09 00 0d 4c 41 53 58 01 00 32  XCS@.@...LASX..2
  27d0: 41 42 50 58 01 00 02 50 44 43 58 01 00 02 50 44  ABPX...PDCX...PD
  27e0: 53 58 01 00 01 4c 53 43 58 01 00 27 00 10 50 53  SX...LSCX..'..PS
  27f0: 50 58 01 00 4f 3a 00 1e 48 50 45 58 01 50 4d 45  PX..O:..HPEX.PME
  2800: 58 01 00 1e 48 50 53 58 01 50 4d 53 58 01 14 1c  X...HPSX.PMSX...
  2810: 48 50 48 4b 00 70 01 50 44 43 31 70 01 48 50 43  HPHK.p.PDC1p.HPC
  2820: 53 70 00 50 45 4c 44 5b 22 0a fa 14 0f 5f 50 52  Sp.PELD["...._PR
  2830: 57 00 a4 47 50 52 57 0a 09 0a 04 14 16 5f 50 52  W..GPRW......_PR
  2840: 54 00 a0 0a 50 49 43 4d a4 41 52 30 46 a4 50 52  T...PICM.AR0F.PR
  2850: 30 46 5b 82 48 bb 4c 50 43 42 08 5f 41 44 52 0c  0F[.H.LPCB._ADR.
  2860: 00 00 1f 00 10 4f 58 5c 5f 53 42 5f 5b 80 2f 03  .....OX\_SB_[./.
  2870: 50 43 49 30 4c 50 43 42 4c 50 43 31 02 0a 40 0a  PCI0LPCBLPC1..@.
  2880: c0 5b 81 4a 04 2f 03 50 43 49 30 4c 50 43 42 4c  .[.J./.PCI0LPCBL
  2890: 50 43 31 00 00 40 10 50 41 52 43 08 50 42 52 43  PC1..@.PARC.PBRC
  28a0: 08 50 43 52 43 08 50 44 52 43 08 00 20 50 45 52  .PCRC.PDRC.. PER
  28b0: 43 08 50 46 52 43 08 50 47 52 43 08 50 48 52 43  C.PFRC.PGRC.PHRC
  28c0: 08 00 40 20 00 08 00 08 58 55 53 42 01 5b 82 42  ..@ ....XUSB.[.B
  28d0: 0a 4c 4e 4b 41 08 5f 48 49 44 0c 41 d0 0c 0f 08  .LNKA._HID.A....
  28e0: 5f 55 49 44 01 14 11 5f 44 49 53 08 7d 50 41 52  _UID..._DIS.}PAR
  28f0: 43 0a 80 50 41 52 43 14 0b 5f 50 52 53 08 a4 50  C..PARC.._PRS..P
  2900: 52 53 41 14 38 5f 43 52 53 08 08 52 54 4c 41 11  RSA.8_CRS..RTLA.
  2910: 09 0a 06 23 00 00 18 79 00 8b 52 54 4c 41 01 49  ...#...y..RTLA.I
  2920: 52 51 30 70 00 49 52 51 30 79 01 7b 50 41 52 43  RQ0p.IRQ0y.{PARC
  2930: 0a 0f 00 49 52 51 30 a4 52 54 4c 41 14 1b 5f 53  ...IRQ0.RTLA.._S
  2940: 52 53 09 8b 68 01 49 52 51 30 82 49 52 51 30 60  RS..h.IRQ0.IRQ0`
  2950: 76 60 70 60 50 41 52 43 14 18 5f 53 54 41 08 a0  v`p`PARC.._STA..
  2960: 0c 7b 50 41 52 43 0a 80 00 a4 0a 09 a1 04 a4 0a  .{PARC..........
  2970: 0b 5b 82 43 0a 4c 4e 4b 42 08 5f 48 49 44 0c 41  .[.C.LNKB._HID.A
  2980: d0 0c 0f 08 5f 55 49 44 0a 02 14 11 5f 44 49 53  ...._UID...._DIS
  2990: 08 7d 50 42 52 43 0a 80 50 42 52 43 14 0b 5f 50  .}PBRC..PBRC.._P
  29a0: 52 53 08 a4 50 52 53 42 14 38 5f 43 52 53 08 08  RS..PRSB.8_CRS..
  29b0: 52 54 4c 42 11 09 0a 06 23 00 00 18 79 00 8b 52  RTLB....#...y..R
  29c0: 54 4c 42 01 49 52 51 30 70 00 49 52 51 30 79 01  TLB.IRQ0p.IRQ0y.
  29d0: 7b 50 42 52 43 0a 0f 00 49 52 51 30 a4 52 54 4c  {PBRC...IRQ0.RTL
  29e0: 42 14 1b 5f 53 52 53 09 8b 68 01 49 52 51 30 82  B.._SRS..h.IRQ0.
  29f0: 49 52 51 30 60 76 60 70 60 50 42 52 43 14 18 5f  IRQ0`v`p`PBRC.._
  2a00: 53 54 41 08 a0 0c 7b 50 42 52 43 0a 80 00 a4 0a  STA...{PBRC.....
  2a10: 09 a1 04 a4 0a 0b 5b 82 43 0a 4c 4e 4b 43 08 5f  ......[.C.LNKC._
  2a20: 48 49 44 0c 41 d0 0c 0f 08 5f 55 49 44 0a 03 14  HID.A...._UID...
  2a30: 11 5f 44 49 53 08 7d 50 43 52 43 0a 80 50 43 52  ._DIS.}PCRC..PCR
  2a40: 43 14 0b 5f 50 52 53 08 a4 50 52 53 43 14 38 5f  C.._PRS..PRSC.8_
  2a50: 43 52 53 08 08 52 54 4c 43 11 09 0a 06 23 00 00  CRS..RTLC....#..
  2a60: 18 79 00 8b 52 54 4c 43 01 49 52 51 30 70 00 49  .y..RTLC.IRQ0p.I
  2a70: 52 51 30 79 01 7b 50 43 52 43 0a 0f 00 49 52 51  RQ0y.{PCRC...IRQ
  2a80: 30 a4 52 54 4c 43 14 1b 5f 53 52 53 09 8b 68 01  0.RTLC.._SRS..h.
  2a90: 49 52 51 30 82 49 52 51 30 60 76 60 70 60 50 43  IRQ0.IRQ0`v`p`PC
  2aa0: 52 43 14 18 5f 53 54 41 08 a0 0c 7b 50 43 52 43  RC.._STA...{PCRC
  2ab0: 0a 80 00 a4 0a 09 a1 04 a4 0a 0b 5b 82 43 0a 4c  ...........[.C.L
  2ac0: 4e 4b 44 08 5f 48 49 44 0c 41 d0 0c 0f 08 5f 55  NKD._HID.A...._U
  2ad0: 49 44 0a 04 14 11 5f 44 49 53 08 7d 50 44 52 43  ID...._DIS.}PDRC
  2ae0: 0a 80 50 44 52 43 14 0b 5f 50 52 53 08 a4 50 52  ..PDRC.._PRS..PR
  2af0: 53 44 14 38 5f 43 52 53 08 08 52 54 4c 44 11 09  SD.8_CRS..RTLD..
  2b00: 0a 06 23 00 00 18 79 00 8b 52 54 4c 44 01 49 52  ..#...y..RTLD.IR
  2b10: 51 30 70 00 49 52 51 30 79 01 7b 50 44 52 43 0a  Q0p.IRQ0y.{PDRC.
  2b20: 0f 00 49 52 51 30 a4 52 54 4c 44 14 1b 5f 53 52  ..IRQ0.RTLD.._SR
  2b30: 53 09 8b 68 01 49 52 51 30 82 49 52 51 30 60 76  S..h.IRQ0.IRQ0`v
  2b40: 60 70 60 50 44 52 43 14 18 5f 53 54 41 08 a0 0c  `p`PDRC.._STA...
  2b50: 7b 50 44 52 43 0a 80 00 a4 0a 09 a1 04 a4 0a 0b  {PDRC...........
  2b60: 5b 82 43 0a 4c 4e 4b 45 08 5f 48 49 44 0c 41 d0  [.C.LNKE._HID.A.
  2b70: 0c 0f 08 5f 55 49 44 0a 05 14 11 5f 44 49 53 08  ..._UID...._DIS.
  2b80: 7d 50 45 52 43 0a 80 50 45 52 43 14 0b 5f 50 52  }PERC..PERC.._PR
  2b90: 53 08 a4 50 52 53 45 14 38 5f 43 52 53 08 08 52  S..PRSE.8_CRS..R
  2ba0: 54 4c 45 11 09 0a 06 23 00 00 18 79 00 8b 52 54  TLE....#...y..RT
  2bb0: 4c 45 01 49 52 51 30 70 00 49 52 51 30 79 01 7b  LE.IRQ0p.IRQ0y.{
  2bc0: 50 45 52 43 0a 0f 00 49 52 51 30 a4 52 54 4c 45  PERC...IRQ0.RTLE
  2bd0: 14 1b 5f 53 52 53 09 8b 68 01 49 52 51 30 82 49  .._SRS..h.IRQ0.I
  2be0: 52 51 30 60 76 60 70 60 50 45 52 43 14 18 5f 53  RQ0`v`p`PERC.._S
  2bf0: 54 41 08 a0 0c 7b 50 45 52 43 0a 80 00 a4 0a 09  TA...{PERC......
  2c00: a1 04 a4 0a 0b 5b 82 43 0a 4c 4e 4b 46 08 5f 48  .....[.C.LNKF._H
  2c10: 49 44 0c 41 d0 0c 0f 08 5f 55 49 44 0a 06 14 11  ID.A...._UID....
  2c20: 5f 44 49 53 08 7d 50 46 52 43 0a 80 50 46 52 43  _DIS.}PFRC..PFRC
  2c30: 14 0b 5f 50 52 53 08 a4 50 52 53 46 14 38 5f 43  .._PRS..PRSF.8_C
  2c40: 52 53 08 08 52 54 4c 46 11 09 0a 06 23 00 00 18  RS..RTLF....#...
  2c50: 79 00 8b 52 54 4c 46 01 49 52 51 30 70 00 49 52  y..RTLF.IRQ0p.IR
  2c60: 51 30 79 01 7b 50 46 52 43 0a 0f 00 49 52 51 30  Q0y.{PFRC...IRQ0
  2c70: a4 52 54 4c 46 14 1b 5f 53 52 53 09 8b 68 01 49  .RTLF.._SRS..h.I
  2c80: 52 51 30 82 49 52 51 30 60 76 60 70 60 50 46 52  RQ0.IRQ0`v`p`PFR
  2c90: 43 14 18 5f 53 54 41 08 a0 0c 7b 50 46 52 43 0a  C.._STA...{PFRC.
  2ca0: 80 00 a4 0a 09 a1 04 a4 0a 0b 5b 82 43 0a 4c 4e  ..........[.C.LN
  2cb0: 4b 47 08 5f 48 49 44 0c 41 d0 0c 0f 08 5f 55 49  KG._HID.A...._UI
  2cc0: 44 0a 07 14 11 5f 44 49 53 08 7d 50 47 52 43 0a  D...._DIS.}PGRC.
  2cd0: 80 50 47 52 43 14 0b 5f 50 52 53 08 a4 50 52 53  .PGRC.._PRS..PRS
  2ce0: 47 14 38 5f 43 52 53 08 08 52 54 4c 47 11 09 0a  G.8_CRS..RTLG...
  2cf0: 06 23 00 00 18 79 00 8b 52 54 4c 47 01 49 52 51  .#...y..RTLG.IRQ
  2d00: 30 70 00 49 52 51 30 79 01 7b 50 47 52 43 0a 0f  0p.IRQ0y.{PGRC..
  2d10: 00 49 52 51 30 a4 52 54 4c 47 14 1b 5f 53 52 53  .IRQ0.RTLG.._SRS
  2d20: 09 8b 68 01 49 52 51 30 82 49 52 51 30 60 76 60  ..h.IRQ0.IRQ0`v`
  2d30: 70 60 50 47 52 43 14 18 5f 53 54 41 08 a0 0c 7b  p`PGRC.._STA...{
  2d40: 50 47 52 43 0a 80 00 a4 0a 09 a1 04 a4 0a 0b 5b  PGRC...........[
  2d50: 82 43 0a 4c 4e 4b 48 08 5f 48 49 44 0c 41 d0 0c  .C.LNKH._HID.A..
  2d60: 0f 08 5f 55 49 44 0a 08 14 11 5f 44 49 53 08 7d  .._UID...._DIS.}
  2d70: 50 48 52 43 0a 80 50 48 52 43 14 0b 5f 50 52 53  PHRC..PHRC.._PRS
  2d80: 08 a4 50 52 53 48 14 38 5f 43 52 53 08 08 52 54  ..PRSH.8_CRS..RT
  2d90: 4c 48 11 09 0a 06 23 00 00 18 79 00 8b 52 54 4c  LH....#...y..RTL
  2da0: 48 01 49 52 51 30 70 00 49 52 51 30 79 01 7b 50  H.IRQ0p.IRQ0y.{P
  2db0: 48 52 43 0a 0f 00 49 52 51 30 a4 52 54 4c 48 14  HRC...IRQ0.RTLH.
  2dc0: 1b 5f 53 52 53 09 8b 68 01 49 52 51 30 82 49 52  ._SRS..h.IRQ0.IR
  2dd0: 51 30 60 76 60 70 60 50 48 52 43 14 18 5f 53 54  Q0`v`p`PHRC.._ST
  2de0: 41 08 a0 0c 7b 50 48 52 43 0a 80 00 a4 0a 09 a1  A...{PHRC.......
  2df0: 04 a4 0a 0b 5b 80 4c 50 43 30 02 0a 40 0a c0 5b  ....[.LPC0..@..[
  2e00: 81 22 4c 50 43 30 00 00 40 20 49 4f 44 30 08 49  ."LPC0..@ IOD0.I
  2e10: 4f 44 31 08 00 40 37 52 41 45 4e 01 00 0d 52 43  OD1..@7RAEN...RC
  2e20: 42 41 12 5b 82 3d 44 4d 41 43 08 5f 48 49 44 0c  BA.[.=DMAC._HID.
  2e30: 41 d0 02 00 08 5f 43 52 53 11 28 0a 25 47 01 00  A...._CRS.(.%G..
  2e40: 00 00 00 01 20 47 01 81 00 81 00 01 11 47 01 93  .... G.......G..
  2e50: 00 93 00 01 0d 47 01 c0 00 c0 00 01 20 2a 10 01  .....G...... *..
  2e60: 79 00 5b 82 26 46 57 48 44 08 5f 48 49 44 0c 25  y.[.&FWHD._HID.%
  2e70: d4 08 00 08 5f 43 52 53 11 11 0a 0e 86 09 00 00  ...._CRS........
  2e80: 00 00 00 ff 00 00 00 01 79 00 5b 82 4c 0a 48 50  ........y.[.L.HP
  2e90: 45 54 08 5f 48 49 44 0c 41 d0 01 03 08 5f 55 49  ET._HID.A...._UI
  2ea0: 44 00 08 42 55 46 30 11 11 0a 0e 86 09 00 01 00  D..BUF0.........
  2eb0: 00 d0 fe 00 04 00 00 79 00 14 27 5f 53 54 41 00  .......y..'_STA.
  2ec0: a0 13 92 95 4f 53 59 53 0b d1 07 a0 08 48 50 41  ....OSYS.....HPA
  2ed0: 45 a4 0a 0f a1 0a a0 08 48 50 41 45 a4 0a 0b a4  E.......HPAE....
  2ee0: 00 14 46 05 5f 43 52 53 08 a0 49 04 48 50 41 45  ..F._CRS..I.HPAE
  2ef0: 8a 42 55 46 30 0a 04 48 50 54 30 a0 11 93 48 50  .BUF0..HPT0...HP
  2f00: 41 53 01 70 0c 00 10 d0 fe 48 50 54 30 a0 12 93  AS.p.....HPT0...
  2f10: 48 50 41 53 0a 02 70 0c 00 20 d0 fe 48 50 54 30  HPAS..p.. ..HPT0
  2f20: a0 12 93 48 50 41 53 0a 03 70 0c 00 30 d0 fe 48  ...HPAS..p..0..H
  2f30: 50 54 30 a4 42 55 46 30 5b 82 45 0a 49 50 49 43  PT0.BUF0[.E.IPIC
  2f40: 0