# dmidecode 3.0
Getting SMBIOS data from sysfs.
SMBIOS 2.7 present.
67 structures occupying 2756 bytes.
Table at 0xCA7E9018.

Handle 0x0000, DMI type 0, 24 bytes
BIOS Information
	Vendor: American Megatrends Inc.
	Version: P09ABI.026.141024.dg
	Release Date: 10/24/2014
	Address: 0xF0000
	Runtime Size: 64 kB
	ROM Size: 3072 kB
	Characteristics:
		PCI is supported
		BIOS is upgradeable
		BIOS shadowing is allowed
		Boot from CD is supported
		Selectable boot is supported
		BIOS ROM is socketed
		EDD is supported
		5.25"/1.2 MB floppy services are supported (int 13h)
		3.5"/720 kB floppy services are supported (int 13h)
		3.5"/2.88 MB floppy services are supported (int 13h)
		Print screen service is supported (int 5h)
		8042 keyboard services are supported (int 9h)
		Serial services are supported (int 14h)
		Printer services are supported (int 17h)
		ACPI is supported
		USB legacy is supported
		BIOS boot specification is supported
		Targeted content distribution is supported
		UEFI is supported
	BIOS Revision: 4.6

Handle 0x0001, DMI type 1, 27 bytes
System Information
	Manufacturer: SAMSUNG ELECTRONICS CO., LTD.
	Product Name: 550P5C/550P7C
	Version: P09ABI
	Serial Number: ***REMOVED***
	UUID: 29ACAB80-3DF5-11E2-84EE-886D66FD2200
	Wake-up Type: Power Switch
	SKU Number: SAMSUNG SENS Series
	Family: SAMSUNG SENS

Handle 0x0002, DMI type 2, 15 bytes
Base Board Information
	Manufacturer: SAMSUNG ELECTRONICS CO., LTD.
	Product Name: NP550P5C-S05IN
	Version: SEC_SW_REVISION_1234567890ABCD
	Serial Number: ***REMOVED***
	Asset Tag: No Asset Tag
	Features:
		Board is a hosting board
		Board is replaceable
	Location In Chassis: Middle
	Chassis Handle: 0x0003
	Type: Motherboard
	Contained Object Handles: 0

Handle 0x0003, DMI type 3, 22 bytes
Chassis Information
	Manufacturer: SAMSUNG ELECTRONICS CO., LTD.
	Type: Laptop
	Lock: Not Present
	Version: N/A
	Serial Number: None
	Asset Tag: No Asset Tag
	Boot-up State: Safe
	Power Supply State: Safe
	Thermal State: Safe
	Security Status: None
	OEM Information: 0x00000000
	Height: Unspecified
	Number Of Power Cords: 1
	Contained Elements: 0
	SKU Number: To be filled by O.E.M.

Handle 0x0004, DMI type 8, 9 bytes
Port Connector Information
	Internal Reference Designator: J1A1
	Internal Connector Type: None
	External Reference Designator: PS2Mouse
	External Connector Type: PS/2
	Port Type: Mouse Port

Handle 0x0005, DMI type 8, 9 bytes
Port Connector Information
	Internal Reference Designator: J1A1
	Internal Connector Type: None
	External Reference Designator: Keyboard
	External Connector Type: PS/2
	Port Type: Keyboard Port

Handle 0x0006, DMI type 8, 9 bytes
Port Connector Information
	Internal Reference Designator: J2A1
	Internal Connector Type: None
	External Reference Designator: TV Out
	External Connector Type: Mini Centronics Type-14
	Port Type: Other

Handle 0x0007, DMI type 8, 9 bytes
Port Connector Information
	Internal Reference Designator: J2A2A
	Internal Connector Type: None
	External Reference Designator: COM A
	External Connector Type: DB-9 male
	Port Type: Serial Port 16550A Compatible

Handle 0x0008, DMI type 8, 9 bytes
Port Connector Information
	Internal Reference Designator: J2A2B
	Internal Connector Type: None
	External Reference Designator: Video
	External Connector Type: DB-15 female
	Port Type: Video Port

Handle 0x0009, DMI type 8, 9 bytes
Port Connector Information
	Internal Reference Designator: J3A1
	Internal Connector Type: None
	External Reference Designator: USB1
	External Connector Type: Access Bus (USB)
	Port Type: USB

Handle 0x000A, DMI type 8, 9 bytes
Port Connector Information
	Internal Reference Designator: J3A1
	Internal Connector Type: None
	External Reference Designator: USB2
	External Connector Type: Access Bus (USB)
	Port Type: USB

Handle 0x000B, DMI type 8, 9 bytes
Port Connector Information
	Internal Reference Designator: J9A1 - TPM HDR
	Internal Connector Type: Other
	External Reference Designator: Not Specified
	External Connector Type: None
	Port Type: Other

Handle 0x000C, DMI type 8, 9 bytes
Port Connector Information
	Internal Reference Designator: J9C1 - PCIE DOCKING CONN
	Internal Connector Type: Other
	External Reference Designator: Not Specified
	External Connector Type: None
	Port Type: Other

Handle 0x000D, DMI type 8, 9 bytes
Port Connector Information
	Internal Reference Designator: J2B3 - CPU FAN
	Internal Connector Type: Other
	External Reference Designator: Not Specified
	External Connector Type: None
	Port Type: Other

Handle 0x000E, DMI type 8, 9 bytes
Port Connector Information
	Internal Reference Designator: J6C2 - EXT HDMI
	Internal Connector Type: Other
	External Reference Designator: Not Specified
	External Connector Type: None
	Port Type: Other

Handle 0x000F, DMI type 8, 9 bytes
Port Connector Information
	Internal Reference Designator: J3C1 - GMCH FAN
	Internal Connector Type: Other
	External Reference Designator: Not Specified
	External Connector Type: None
	Port Type: Other

Handle 0x0010, DMI type 8, 9 bytes
Port Connector Information
	Internal Reference Designator: J1D1 - ITP
	Internal Connector Type: Other
	External Reference Designator: Not Specified
	External Connector Type: None
	Port Type: Other

Handle 0x0011, DMI type 8, 9 bytes
Port Connector Information
	Internal Reference Designator: J9E2 - MDC INTPSR
	Internal Connector Type: Other
	External Reference Designator: Not Specified
	External Connector Type: None
	Port Type: Other

Handle 0x0012, DMI type 8, 9 bytes
Port Connector Information
	Internal Reference Designator: J9E4 - MDC INTPSR
	Internal Connector Type: Other
	External Reference Designator: Not Specified
	External Connector Type: None
	Port Type: Other

Handle 0x0013, DMI type 9, 17 bytes
System Slot Information
	Designation: J6B2
	Type: x16 PCI Express
	Current Usage: In Use
	Length: Long
	ID: 0
	Characteristics:
		3.3 V is provided
		Opening is shared
		PME signal is supported
	Bus Address: 0000:00:01.0

Handle 0x0014, DMI type 9, 17 bytes
System Slot Information
	Designation: J6B1
	Type: x1 PCI Express
	Current Usage: In Use
	Length: Short
	ID: 1
	Characteristics:
		3.3 V is provided
		Opening is shared
		PME signal is supported
	Bus Address: 0000:00:1c.3

Handle 0x0015, DMI type 9, 17 bytes
System Slot Information
	Designation: J6D1
	Type: x1 PCI Express
	Current Usage: In Use
	Length: Short
	ID: 2
	Characteristics:
		3.3 V is provided
		Opening is shared
		PME signal is supported
	Bus Address: 0000:00:1c.4

Handle 0x0016, DMI type 9, 17 bytes
System Slot Information
	Designation: J7B1
	Type: x1 PCI Express
	Current Usage: In Use
	Length: Short
	ID: 3
	Characteristics:
		3.3 V is provided
		Opening is shared
		PME signal is supported
	Bus Address: 0000:00:1c.5

Handle 0x0017, DMI type 9, 17 bytes
System Slot Information
	Designation: J8B4
	Type: x1 PCI Express
	Current Usage: In Use
	Length: Short
	ID: 4
	Characteristics:
		3.3 V is provided
		Opening is shared
		PME signal is supported
	Bus Address: 0000:00:1c.6

Handle 0x0018, DMI type 10, 6 bytes
On Board Device Information
	Type: Video
	Status: Enabled
	Description:    Onboard GFx

Handle 0x0019, DMI type 11, 5 bytes
OEM Strings
	String 1: AAABAAAAAWAA
	String 2: 2013/03/29
	String 3: SECPARTN:ABI
	String 4: Not Specified
	String 5: Not Specified
	String 6: Not Specified
	String 7: [LCD_15][IBT_00]

Handle 0x001A, DMI type 12, 5 bytes
System Configuration Options
	Option 1: Not Specified

Handle 0x001B, DMI type 32, 20 bytes
System Boot Information
	Status: No errors detected

Handle 0x001C, DMI type 34, 11 bytes
Management Device
	Description: LM78-1
	Type: LM78
	Address: 0x00000000
	Address Type: I/O Port

Handle 0x001D, DMI type 26, 22 bytes
Voltage Probe
	Description: LM78A
	Location: <OUT OF SPEC>
	Status: <OUT OF SPEC>
	Maximum Value: Unknown
	Minimum Value: Unknown
	Resolution: Unknown
	Tolerance: Unknown
	Accuracy: Unknown
	OEM-specific Information: 0x00000000
	Nominal Value: Unknown

Handle 0x001E, DMI type 36, 16 bytes
Management Device Threshold Data
	Lower Non-critical Threshold: 1
	Upper Non-critical Threshold: 2
	Lower Critical Threshold: 3
	Upper Critical Threshold: 4
	Lower Non-recoverable Threshold: 5
	Upper Non-recoverable Threshold: 6

Handle 0x001F, DMI type 35, 11 bytes
Management Device Component
	Description: To Be Filled By O.E.M.
	Management Device Handle: 0x001C
	Component Handle: 0x001C
	Threshold Handle: 0x001D

Handle 0x0020, DMI type 28, 22 bytes
Temperature Probe
	Description: LM78A
	Location: <OUT OF SPEC>
	Status: <OUT OF SPEC>
	Maximum Value: Unknown
	Minimum Value: Unknown
	Resolution: Unknown
	Tolerance: Unknown
	Accuracy: Unknown
	OEM-specific Information: 0x00000000
	Nominal Value: Unknown

Handle 0x0021, DMI type 36, 16 bytes
Management Device Threshold Data
	Lower Non-critical Threshold: 1
	Upper Non-critical Threshold: 2
	Lower Critical Threshold: 3
	Upper Critical Threshold: 4
	Lower Non-recoverable Threshold: 5
	Upper Non-recoverable Threshold: 6

Handle 0x0022, DMI type 35, 11 bytes
Management Device Component
	Description: To Be Filled By O.E.M.
	Management Device Handle: 0x001C
	Component Handle: 0x001F
	Threshold Handle: 0x0020

Handle 0x0023, DMI type 27, 15 bytes
Cooling Device
	Temperature Probe Handle: 0x0020
	Type: <OUT OF SPEC>
	Status: <OUT OF SPEC>
	Cooling Unit Group: 1
	OEM-specific Information: 0x00000000
	Nominal Speed: Unknown Or Non-rotating
	Description: Cooling Dev 1

Handle 0x0024, DMI type 36, 16 bytes
Management Device Threshold Data
	Lower Non-critical Threshold: 1
	Upper Non-critical Threshold: 2
	Lower Critical Threshold: 3
	Upper Critical Threshold: 4
	Lower Non-recoverable Threshold: 5
	Upper Non-recoverable Threshold: 6

Handle 0x0025, DMI type 35, 11 bytes
Management Device Component
	Description: To Be Filled By O.E.M.
	Management Device Handle: 0x001C
	Component Handle: 0x0022
	Threshold Handle: 0x0023

Handle 0x0026, DMI type 27, 15 bytes
Cooling Device
	Temperature Probe Handle: 0x0020
	Type: <OUT OF SPEC>
	Status: <OUT OF SPEC>
	Cooling Unit Group: 1
	OEM-specific Information: 0x00000000
	Nominal Speed: Unknown Or Non-rotating
	Description: Not Specified

Handle 0x0027, DMI type 36, 16 bytes
Management Device Threshold Data
	Lower Non-critical Threshold: 1
	Upper Non-critical Threshold: 2
	Lower Critical Threshold: 3
	Upper Critical Threshold: 4
	Lower Non-recoverable Threshold: 5
	Upper Non-recoverable Threshold: 6

Handle 0x0028, DMI type 35, 11 bytes
Management Device Component
	Description: To Be Filled By O.E.M.
	Management Device Handle: 0x001C
	Component Handle: 0x0025
	Threshold Handle: 0x0026

Handle 0x0029, DMI type 29, 22 bytes
Electrical Current Probe
	Description: ABC
	Location: <OUT OF SPEC>
	Status: <OUT OF SPEC>
	Maximum Value: Unknown
	Minimum Value: Unknown
	Resolution: Unknown
	Tolerance: Unknown
	Accuracy: Unknown
	OEM-specific Information: 0x00000000
	Nominal Value: Unknown

Handle 0x002A, DMI type 36, 16 bytes
Management Device Threshold Data

Handle 0x002B, DMI type 35, 11 bytes
Management Device Component
	Description: To Be Filled By O.E.M.
	Management Device Handle: 0x001C
	Component Handle: 0x0028
	Threshold Handle: 0x0026

Handle 0x002C, DMI type 26, 22 bytes
Voltage Probe
	Description: LM78A
	Location: Power Unit
	Status: OK
	Maximum Value: Unknown
	Minimum Value: Unknown
	Resolution: Unknown
	Tolerance: Unknown
	Accuracy: Unknown
	OEM-specific Information: 0x00000000
	Nominal Value: Unknown

Handle 0x002D, DMI type 28, 22 bytes
Temperature Probe
	Description: LM78A
	Location: Power Unit
	Status: OK
	Maximum Value: Unknown
	Minimum Value: Unknown
	Resolution: Unknown
	Tolerance: Unknown
	Accuracy: Unknown
	OEM-specific Information: 0x00000000
	Nominal Value: Unknown

Handle 0x002E, DMI type 27, 15 bytes
Cooling Device
	Temperature Probe Handle: 0x002D
	Type: Power Supply Fan
	Status: OK
	Cooling Unit Group: 1
	OEM-specific Information: 0x00000000
	Nominal Speed: Unknown Or Non-rotating
	Description: Cooling Dev 1

Handle 0x002F, DMI type 29, 22 bytes
Electrical Current Probe
	Description: ABC
	Location: Power Unit
	Status: OK
	Maximum Value: Unknown
	Minimum Value: Unknown
	Resolution: Unknown
	Tolerance: Unknown
	Accuracy: Unknown
	OEM-specific Information: 0x00000000
	Nominal Value: Unknown

Handle 0x0030, DMI type 39, 22 bytes
System Power Supply
	Power Unit Group: 1
	Location: To Be Filled By O.E.M.
	Name: To Be Filled By O.E.M.
	Manufacturer: To Be Filled By O.E.M.
	Serial Number: To Be Filled By O.E.M.
	Asset Tag: To Be Filled By O.E.M.
	Model Part Number: To Be Filled By O.E.M.
	Revision: To Be Filled By O.E.M.
	Max Power Capacity: Unknown
	Status: Present, OK
	Type: Switching
	Input Voltage Range Switching: Auto-switch
	Plugged: Yes
	Hot Replaceable: No
	Input Voltage Probe Handle: 0x002C
	Cooling Device Handle: 0x002E
	Input Current Probe Handle: 0x002F

Handle 0x0031, DMI type 41, 11 bytes
Onboard Device
	Reference Designation:  Onboard IGD
	Type: Video
	Status: Enabled
	Type Instance: 1
	Bus Address: 0000:00:02.0

Handle 0x0032, DMI type 41, 11 bytes
Onboard Device
	Reference Designation:  Onboard LAN
	Type: Ethernet
	Status: Enabled
	Type Instance: 1
	Bus Address: 0000:00:19.0

Handle 0x0033, DMI type 41, 11 bytes
Onboard Device
	Reference Designation:  Onboard 1394
	Type: Other
	Status: Enabled
	Type Instance: 1
	Bus Address: 0000:03:1c.2

Handle 0x0034, DMI type 7, 19 bytes
Cache Information
	Socket Designation: CPU Internal L2
	Configuration: Enabled, Not Socketed, Level 2
	Operational Mode: Write Through
	Location: Internal
	Installed Size: 1024 kB
	Maximum Size: 1024 kB
	Supported SRAM Types:
		Unknown
	Installed SRAM Type: Unknown
	Speed: Unknown
	Error Correction Type: Multi-bit ECC
	System Type: Unified
	Associativity: 8-way Set-associative

Handle 0x0035, DMI type 7, 19 bytes
Cache Information
	Socket Designation: CPU Internal L1
	Configuration: Enabled, Not Socketed, Level 1
	Operational Mode: Write Through
	Location: Internal
	Installed Size: 256 kB
	Maximum Size: 256 kB
	Supported SRAM Types:
		Unknown
	Installed SRAM Type: Unknown
	Speed: Unknown
	Error Correction Type: Parity
	System Type: Data
	Associativity: 8-way Set-associative

Handle 0x0036, DMI type 7, 19 bytes
Cache Information
	Socket Designation: CPU Internal L3
	Configuration: Enabled, Not Socketed, Level 3
	Operational Mode: Write Back
	Location: Internal
	Installed Size: 6144 kB
	Maximum Size: 6144 kB
	Supported SRAM Types:
		Unknown
	Installed SRAM Type: Unknown
	Speed: Unknown
	Error Correction Type: Multi-bit ECC
	System Type: Unified
	Associativity: 12-way Set-associative

Handle 0x0037, DMI type 16, 23 bytes
Physical Memory Array
	Location: System Board Or Motherboard
	Use: System Memory
	Error Correction Type: None
	Maximum Capacity: 32 GB
	Error Information Handle: Not Provided
	Number Of Devices: 4

Handle 0x0038, DMI type 4, 42 bytes
Processor Information
	Socket Designation: SOCKET 0
	Type: Central Processor
	Family: Core i7
	Manufacturer: Intel(R) Corporation
	ID: A9 06 03 00 FF FB EB BF
	Signature: Type 0, Family 6, Model 58, Stepping 9
	Flags:
		FPU (Floating-point unit on-chip)
		VME (Virtual mode extension)
		DE (Debugging extension)
		PSE (Page size extension)
		TSC (Time stamp counter)
		MSR (Model specific registers)
		PAE (Physical address extension)
		MCE (Machine check exception)
		CX8 (CMPXCHG8 instruction supported)
		APIC (On-chip APIC hardware supported)
		SEP (Fast system call)
		MTRR (Memory type range registers)
		PGE (Page global enable)
		MCA (Machine check architecture)
		CMOV (Conditional move instruction supported)
		PAT (Page attribute table)
		PSE-36 (36-bit page size extension)
		CLFSH (CLFLUSH instruction supported)
		DS (Debug store)
		ACPI (ACPI supported)
		MMX (MMX technology supported)
		FXSR (FXSAVE and FXSTOR instructions supported)
		SSE (Streaming SIMD extensions)
		SSE2 (Streaming SIMD extensions 2)
		SS (Self-snoop)
		HTT (Multi-threading)
		TM (Thermal monitor supported)
		PBE (Pending break enabled)
	Version: Intel(R) Core(TM) i7-3630QM CPU @ 2.40GHz
	Voltage: 11.2 V
	External Clock: 100 MHz
	Max Speed: 3800 MHz
	Current Speed: 2400 MHz
	Status: Populated, Enabled
	Upgrade: Socket rPGA988B
	L1 Cache Handle: 0x0035
	L2 Cache Handle: 0x0034
	L3 Cache Handle: 0x0036
	Serial Number: Not Specified
	Asset Tag: Fill By OEM
	Part Number: Fill By OEM
	Core Count: 4
	Core Enabled: 4
	Thread Count: 8
	Characteristics:
		64-bit capable

Handle 0x0039, DMI type 17, 34 bytes
Memory Device
	Array Handle: 0x0037
	Error Information Handle: Not Provided
	Total Width: 64 bits
	Data Width: 64 bits
	Size: 4096 MB
	Form Factor: SODIMM
	Set: None
	Locator: ChannelA-DIMM0
	Bank Locator: BANK 0
	Type: DDR3
	Type Detail: Synchronous
	Speed: 1600 MHz
	Manufacturer: Samsung
	Serial Number: ***REMOVED***
	Asset Tag: 9876543210
	Part Number: M471B5273EB0-CK0  
	Rank: 2
	Configured Clock Speed: 1600 MHz

Handle 0x003A, DMI type 20, 35 bytes
Memory Device Mapped Address
	Starting Address: 0x00000000000
	Ending Address: 0x000FFFFFFFF
	Range Size: 4 GB
	Physical Device Handle: 0x0039
	Memory Array Mapped Address Handle: 0x003F
	Partition Row Position: Unknown
	Interleave Position: 1
	Interleaved Data Depth: 2

Handle 0x003B, DMI type 17, 34 bytes
Memory Device
	Array Handle: 0x0037
	Error Information Handle: Not Provided
	Total Width: Unknown
	Data Width: Unknown
	Size: No Module Installed
	Form Factor: DIMM
	Set: None
	Locator: ChannelA-DIMM1
	Bank Locator: BANK 1
	Type: Unknown
	Type Detail: None
	Speed: Unknown
	Manufacturer: [Empty]
	Serial Number: [Empty]
	Asset Tag: 9876543210
	Part Number: [Empty]
	Rank: Unknown
	Configured Clock Speed: Unknown

Handle 0x003C, DMI type 17, 34 bytes
Memory Device
	Array Handle: 0x0037
	Error Information Handle: Not Provided
	Total Width: 64 bits
	Data Width: 64 bits
	Size: 4096 MB
	Form Factor: SODIMM
	Set: None
	Locator: ChannelB-DIMM0
	Bank Locator: BANK 2
	Type: DDR3
	Type Detail: Synchronous
	Speed: 1600 MHz
	Manufacturer: Samsung
	Serial Number: ***REMOVED***
	Asset Tag: 9876543210
	Part Number: M471B5273EB0-CK0  
	Rank: 2
	Configured Clock Speed: 1600 MHz

Handle 0x003D, DMI type 20, 35 bytes
Memory Device Mapped Address
	Starting Address: 0x00100000000
	Ending Address: 0x001FFFFFFFF
	Range Size: 4 GB
	Physical Device Handle: 0x003C
	Memory Array Mapped Address Handle: 0x003F
	Partition Row Position: Unknown
	Interleave Position: 2
	Interleaved Data Depth: 2

Handle 0x003E, DMI type 17, 34 bytes
Memory Device
	Array Handle: 0x0037
	Error Information Handle: Not Provided
	Total Width: Unknown
	Data Width: Unknown
	Size: No Module Installed
	Form Factor: DIMM
	Set: None
	Locator: ChannelB-DIMM1
	Bank Locator: BANK 3
	Type: Unknown
	Type Detail: None
	Speed: Unknown
	Manufacturer: [Empty]
	Serial Number: [Empty]
	Asset Tag: 9876543210
	Part Number: [Empty]
	Rank: Unknown
	Configured Clock Speed: Unknown

Handle 0x003F, DMI type 19, 31 bytes
Memory Array Mapped Address
	Starting Address: 0x00000000000
	Ending Address: 0x001FFFFFFFF
	Range Size: 8 GB
	Physical Array Handle: 0x0037
	Partition Width: 4

Handle 0x0041, DMI type 131, 64 bytes
OEM-specific Type
	Header and Data:
		83 40 41 00 31 00 00 00 00 00 00 00 00 00 00 00
		F8 00 59 1E FF FF FF FF 01 00 00 00 01 00 08 00
		E0 04 00 00 00 00 00 00 C8 00 FF FF 00 00 00 00
		00 00 00 00 66 00 00 00 76 50 72 6F 00 00 00 00

Handle 0x0042, DMI type 13, 22 bytes
BIOS Language Information
	Language Description Format: Long
	Installable Languages: 1
		en|US|iso8859-1
	Currently Installed Language: en|US|iso8859-1

Handle 0x0043, DMI type 127, 4 bytes
End Of Table

